

*******************************************************************************
Fri Jun 14 16:04:49 2019


FIT:    data read from '../PROGRAM/WFpdf.txt'
        format = z
        x range restricted to [340.301 : 359.747]
        #datapoints = 9
        residuals are weighted equally (unit weight)

function used for fitting: gaussf(x)
	gaussf(x)=af/(sigmaf*sqrt(2.*pi))*exp(-(x-muf)**2./(2.*sigmaf**2))
fitted parameters initialized with current variable values

iter      chisq       delta/lim  lambda   af            sigmaf        muf          
   0 1.1937348789e-01   0.00e+00  4.17e-02    1.000000e+00   2.430724e+01   3.403014e+02
  50 8.0623710451e-03  -1.32e-01  4.17e-08    1.163948e+00   2.522474e+00   3.467860e+02

After 50 iterations the fit converged.
final sum of squares of residuals : 0.00806237
rel. change during last iteration : -1.32151e-06

degrees of freedom    (FIT_NDF)                        : 6
rms of residuals      (FIT_STDFIT) = sqrt(WSSR/ndf)    : 0.0366569
variance of residuals (reduced chisquare) = WSSR/ndf   : 0.00134373

Final set of parameters            Asymptotic Standard Error
=======================            ==========================
af              = 1.16395          +/- 0.1587       (13.64%)
sigmaf          = 2.52247          +/- 0.4362       (17.29%)
muf             = 346.786          +/- 0.3793       (0.1094%)

correlation matrix of the fit parameters:
                af     sigmaf muf    
af              1.000 
sigmaf          0.700  1.000 
muf            -0.187 -0.275  1.000 


*******************************************************************************
Fri Jun 14 16:04:49 2019


FIT:    data read from '../PROGRAM/WUpdf.txt'
        format = z
        x range restricted to [340.301 : 359.747]
        #datapoints = 9
        residuals are weighted equally (unit weight)

function used for fitting: gaussu(x)
	gaussu(x)=au/(sigmau*sqrt(2.*pi))*exp(-(x-muu)**2./(2.*sigmau**2))
fitted parameters initialized with current variable values

iter      chisq       delta/lim  lambda   au            sigmau        muu          
   0 1.1041896150e-01   0.00e+00  5.14e-02    1.000000e+00   2.430724e+01   3.403014e+02
 108 9.1037714831e-03   0.00e+00  5.14e+05    1.068955e+00   2.201725e+00   3.516277e+02

After 108 iterations the fit converged.
final sum of squares of residuals : 0.00910377
rel. change during last iteration : 0

degrees of freedom    (FIT_NDF)                        : 6
rms of residuals      (FIT_STDFIT) = sqrt(WSSR/ndf)    : 0.0389525
variance of residuals (reduced chisquare) = WSSR/ndf   : 0.0015173

Final set of parameters            Asymptotic Standard Error
=======================            ==========================
au              = 1.06896          +/- 0.1507       (14.09%)
sigmau          = 2.20173          +/- 0.3724       (16.91%)
muu             = 351.628          +/- 0.3527       (0.1003%)

correlation matrix of the fit parameters:
                au     sigmau muu    
au              1.000 
sigmau          0.624  1.000 
muu             0.070  0.018  1.000 


*******************************************************************************
Fri Jun 14 16:05:43 2019


FIT:    data read from '../PROGRAM/WFpdf.txt'
        format = z
        x range restricted to [340.301 : 359.747]
        #datapoints = 9
        residuals are weighted equally (unit weight)

function used for fitting: gaussf(x)
	gaussf(x)=af/(sigmaf*sqrt(2.*pi))*exp(-(x-muf)**2./(2.*sigmaf**2))
fitted parameters initialized with current variable values

iter      chisq       delta/lim  lambda   af            sigmaf        muf          
   0 1.1937348789e-01   0.00e+00  4.17e-02    1.000000e+00   2.430724e+01   3.403014e+02
  50 8.0623710451e-03  -1.32e-01  4.17e-08    1.163948e+00   2.522474e+00   3.467860e+02

After 50 iterations the fit converged.
final sum of squares of residuals : 0.00806237
rel. change during last iteration : -1.32151e-06

degrees of freedom    (FIT_NDF)                        : 6
rms of residuals      (FIT_STDFIT) = sqrt(WSSR/ndf)    : 0.0366569
variance of residuals (reduced chisquare) = WSSR/ndf   : 0.00134373

Final set of parameters            Asymptotic Standard Error
=======================            ==========================
af              = 1.16395          +/- 0.1587       (13.64%)
sigmaf          = 2.52247          +/- 0.4362       (17.29%)
muf             = 346.786          +/- 0.3793       (0.1094%)

correlation matrix of the fit parameters:
                af     sigmaf muf    
af              1.000 
sigmaf          0.700  1.000 
muf            -0.187 -0.275  1.000 


*******************************************************************************
Fri Jun 14 16:05:43 2019


FIT:    data read from '../PROGRAM/WUpdf.txt'
        format = z
        x range restricted to [340.301 : 359.747]
        #datapoints = 9
        residuals are weighted equally (unit weight)

function used for fitting: gaussu(x)
	gaussu(x)=au/(sigmau*sqrt(2.*pi))*exp(-(x-muu)**2./(2.*sigmau**2))
fitted parameters initialized with current variable values

iter      chisq       delta/lim  lambda   au            sigmau        muu          
   0 1.1041896150e-01   0.00e+00  5.14e-02    1.000000e+00   2.430724e+01   3.403014e+02
 108 9.1037714831e-03   0.00e+00  5.14e+05    1.068955e+00   2.201725e+00   3.516277e+02

After 108 iterations the fit converged.
final sum of squares of residuals : 0.00910377
rel. change during last iteration : 0

degrees of freedom    (FIT_NDF)                        : 6
rms of residuals      (FIT_STDFIT) = sqrt(WSSR/ndf)    : 0.0389525
variance of residuals (reduced chisquare) = WSSR/ndf   : 0.0015173

Final set of parameters            Asymptotic Standard Error
=======================            ==========================
au              = 1.06896          +/- 0.1507       (14.09%)
sigmau          = 2.20173          +/- 0.3724       (16.91%)
muu             = 351.628          +/- 0.3527       (0.1003%)

correlation matrix of the fit parameters:
                au     sigmau muu    
au              1.000 
sigmau          0.624  1.000 
muu             0.070  0.018  1.000 


*******************************************************************************
Fri Jun 14 16:19:18 2019


FIT:    data read from '../RESULTS/WFpdf.txt'
        format = z
        x range restricted to [340.301 : 359.747]
        #datapoints = 9
        residuals are weighted equally (unit weight)

function used for fitting: gaussf(x)
	gaussf(x)=af/(sigmaf*sqrt(2.*pi))*exp(-(x-muf)**2./(2.*sigmaf**2))
fitted parameters initialized with current variable values

iter      chisq       delta/lim  lambda   af            sigmaf        muf          
   0 1.1937348789e-01   0.00e+00  4.17e-02    1.000000e+00   2.430724e+01   3.403014e+02
  50 8.0623710451e-03  -1.32e-01  4.17e-08    1.163948e+00   2.522474e+00   3.467860e+02

After 50 iterations the fit converged.
final sum of squares of residuals : 0.00806237
rel. change during last iteration : -1.32151e-06

degrees of freedom    (FIT_NDF)                        : 6
rms of residuals      (FIT_STDFIT) = sqrt(WSSR/ndf)    : 0.0366569
variance of residuals (reduced chisquare) = WSSR/ndf   : 0.00134373

Final set of parameters            Asymptotic Standard Error
=======================            ==========================
af              = 1.16395          +/- 0.1587       (13.64%)
sigmaf          = 2.52247          +/- 0.4362       (17.29%)
muf             = 346.786          +/- 0.3793       (0.1094%)

correlation matrix of the fit parameters:
                af     sigmaf muf    
af              1.000 
sigmaf          0.700  1.000 
muf            -0.187 -0.275  1.000 


*******************************************************************************
Fri Jun 14 16:19:18 2019


FIT:    data read from '../RESULTS/WUpdf.txt'
        format = z
        x range restricted to [340.301 : 359.747]
        #datapoints = 9
        residuals are weighted equally (unit weight)

function used for fitting: gaussu(x)
	gaussu(x)=au/(sigmau*sqrt(2.*pi))*exp(-(x-muu)**2./(2.*sigmau**2))
fitted parameters initialized with current variable values

iter      chisq       delta/lim  lambda   au            sigmau        muu          
   0 1.1041896150e-01   0.00e+00  5.14e-02    1.000000e+00   2.430724e+01   3.403014e+02
 108 9.1037714831e-03   0.00e+00  5.14e+05    1.068955e+00   2.201725e+00   3.516277e+02

After 108 iterations the fit converged.
final sum of squares of residuals : 0.00910377
rel. change during last iteration : 0

degrees of freedom    (FIT_NDF)                        : 6
rms of residuals      (FIT_STDFIT) = sqrt(WSSR/ndf)    : 0.0389525
variance of residuals (reduced chisquare) = WSSR/ndf   : 0.0015173

Final set of parameters            Asymptotic Standard Error
=======================            ==========================
au              = 1.06896          +/- 0.1507       (14.09%)
sigmau          = 2.20173          +/- 0.3724       (16.91%)
muu             = 351.628          +/- 0.3527       (0.1003%)

correlation matrix of the fit parameters:
                au     sigmau muu    
au              1.000 
sigmau          0.624  1.000 
muu             0.070  0.018  1.000 
