

*******************************************************************************
Wed Jun 12 21:09:15 2019


FIT:    data read from 'WFpdf.txt'
        format = z
        x range restricted to [1400.00 : 1480.00]
        #datapoints = 9
        residuals are weighted equally (unit weight)

function used for fitting: gaussf(x)
	gaussf(x)=af/(sigmaf*sqrt(2.*pi))*exp(-(x-muf)**2./(2.*sigmaf**2))
fitted parameters initialized with current variable values

iter      chisq       delta/lim  lambda   af            sigmaf        muf          
   0 8.8447563000e-03   0.00e+00  0.00e+00    1.000000e+00   1.000000e+00   1.000000e+00
BREAK: Singular matrix in Givens()

*******************************************************************************
Wed Jun 12 21:10:09 2019


FIT:    data read from 'WFpdf.txt'
        format = z
        x range restricted to [1400.00 : 1480.00]
        #datapoints = 9
        residuals are weighted equally (unit weight)

function used for fitting: gaussf(x)
	gaussf(x)=af/(sigmaf*sqrt(2.*pi))*exp(-(x-muf)**2./(2.*sigmaf**2))
fitted parameters initialized with current variable values

iter      chisq       delta/lim  lambda   af            sigmaf        muf          
   0 7.0525848232e-03   0.00e+00  1.01e-02    1.000000e+00   1.000000e+02   1.400000e+03
  50 4.7615281184e-04  -1.24e-01  1.01e-08    1.163887e+00   1.037690e+01   1.426678e+03

After 50 iterations the fit converged.
final sum of squares of residuals : 0.000476153
rel. change during last iteration : -1.23583e-06

degrees of freedom    (FIT_NDF)                        : 6
rms of residuals      (FIT_STDFIT) = sqrt(WSSR/ndf)    : 0.00890836
variance of residuals (reduced chisquare) = WSSR/ndf   : 7.93588e-05

Final set of parameters            Asymptotic Standard Error
=======================            ==========================
af              = 1.16389          +/- 0.1587       (13.63%)
sigmaf          = 10.3769          +/- 1.794        (17.29%)
muf             = 1426.68          +/- 1.56         (0.1094%)

correlation matrix of the fit parameters:
                af     sigmaf muf    
af              1.000 
sigmaf          0.700  1.000 
muf            -0.187 -0.275  1.000 


*******************************************************************************
Wed Jun 12 21:10:09 2019


FIT:    data read from 'WUpdf.txt'
        format = z
        x range restricted to [1400.00 : 1480.00]
        #datapoints = 9
        residuals are weighted equally (unit weight)

function used for fitting: gaussu(x)
	gaussu(x)=au/(sigmau*sqrt(2.*pi))*exp(-(x-muu)**2./(2.*sigmau**2))
fitted parameters initialized with current variable values

iter      chisq       delta/lim  lambda   au            sigmau        muu          
   0 6.5245985612e-03   0.00e+00  1.25e-02    1.000000e+00   1.000000e+02   1.400000e+03
 108 5.3811190823e-04   0.00e+00  1.25e+05    1.068960e+00   9.057555e+00   1.446597e+03

After 108 iterations the fit converged.
final sum of squares of residuals : 0.000538112
rel. change during last iteration : 0

degrees of freedom    (FIT_NDF)                        : 6
rms of residuals      (FIT_STDFIT) = sqrt(WSSR/ndf)    : 0.00947023
variance of residuals (reduced chisquare) = WSSR/ndf   : 8.96853e-05

Final set of parameters            Asymptotic Standard Error
=======================            ==========================
au              = 1.06896          +/- 0.1507       (14.1%)
sigmau          = 9.05755          +/- 1.532        (16.92%)
muu             = 1446.6           +/- 1.451        (0.1003%)

correlation matrix of the fit parameters:
                au     sigmau muu    
au              1.000 
sigmau          0.624  1.000 
muu             0.070  0.018  1.000 


*******************************************************************************
Wed Jun 12 21:10:49 2019


FIT:    data read from 'WFpdf.txt'
        format = z
        x range restricted to [1400.00 : 1480.00]
        #datapoints = 9
        residuals are weighted equally (unit weight)

function used for fitting: gaussf(x)
	gaussf(x)=af/(sigmaf*sqrt(2.*pi))*exp(-(x-muf)**2./(2.*sigmaf**2))
fitted parameters initialized with current variable values

iter      chisq       delta/lim  lambda   af            sigmaf        muf          
   0 7.0525848232e-03   0.00e+00  1.01e-02    1.000000e+00   1.000000e+02   1.400000e+03
  50 4.7615281184e-04  -1.24e-01  1.01e-08    1.163887e+00   1.037690e+01   1.426678e+03

After 50 iterations the fit converged.
final sum of squares of residuals : 0.000476153
rel. change during last iteration : -1.23583e-06

degrees of freedom    (FIT_NDF)                        : 6
rms of residuals      (FIT_STDFIT) = sqrt(WSSR/ndf)    : 0.00890836
variance of residuals (reduced chisquare) = WSSR/ndf   : 7.93588e-05

Final set of parameters            Asymptotic Standard Error
=======================            ==========================
af              = 1.16389          +/- 0.1587       (13.63%)
sigmaf          = 10.3769          +/- 1.794        (17.29%)
muf             = 1426.68          +/- 1.56         (0.1094%)

correlation matrix of the fit parameters:
                af     sigmaf muf    
af              1.000 
sigmaf          0.700  1.000 
muf            -0.187 -0.275  1.000 


*******************************************************************************
Wed Jun 12 21:10:49 2019


FIT:    data read from 'WUpdf.txt'
        format = z
        x range restricted to [1400.00 : 1480.00]
        #datapoints = 9
        residuals are weighted equally (unit weight)

function used for fitting: gaussu(x)
	gaussu(x)=au/(sigmau*sqrt(2.*pi))*exp(-(x-muu)**2./(2.*sigmau**2))
fitted parameters initialized with current variable values

iter      chisq       delta/lim  lambda   au            sigmau        muu          
   0 6.5245985612e-03   0.00e+00  1.25e-02    1.000000e+00   1.000000e+02   1.400000e+03
 108 5.3811190823e-04   0.00e+00  1.25e+05    1.068960e+00   9.057555e+00   1.446597e+03

After 108 iterations the fit converged.
final sum of squares of residuals : 0.000538112
rel. change during last iteration : 0

degrees of freedom    (FIT_NDF)                        : 6
rms of residuals      (FIT_STDFIT) = sqrt(WSSR/ndf)    : 0.00947023
variance of residuals (reduced chisquare) = WSSR/ndf   : 8.96853e-05

Final set of parameters            Asymptotic Standard Error
=======================            ==========================
au              = 1.06896          +/- 0.1507       (14.1%)
sigmau          = 9.05755          +/- 1.532        (16.92%)
muu             = 1446.6           +/- 1.451        (0.1003%)

correlation matrix of the fit parameters:
                au     sigmau muu    
au              1.000 
sigmau          0.624  1.000 
muu             0.070  0.018  1.000 


*******************************************************************************
Wed Jun 12 21:10:55 2019


FIT:    data read from 'WFpdf.txt'
        format = z
        x range restricted to [1400.00 : 1480.00]
        #datapoints = 9
        residuals are weighted equally (unit weight)

function used for fitting: gaussf(x)
	gaussf(x)=af/(sigmaf*sqrt(2.*pi))*exp(-(x-muf)**2./(2.*sigmaf**2))
fitted parameters initialized with current variable values

iter      chisq       delta/lim  lambda   af            sigmaf        muf          
   0 7.0525848232e-03   0.00e+00  1.01e-02    1.000000e+00   1.000000e+02   1.400000e+03
  50 4.7615281184e-04  -1.24e-01  1.01e-08    1.163887e+00   1.037690e+01   1.426678e+03

After 50 iterations the fit converged.
final sum of squares of residuals : 0.000476153
rel. change during last iteration : -1.23583e-06

degrees of freedom    (FIT_NDF)                        : 6
rms of residuals      (FIT_STDFIT) = sqrt(WSSR/ndf)    : 0.00890836
variance of residuals (reduced chisquare) = WSSR/ndf   : 7.93588e-05

Final set of parameters            Asymptotic Standard Error
=======================            ==========================
af              = 1.16389          +/- 0.1587       (13.63%)
sigmaf          = 10.3769          +/- 1.794        (17.29%)
muf             = 1426.68          +/- 1.56         (0.1094%)

correlation matrix of the fit parameters:
                af     sigmaf muf    
af              1.000 
sigmaf          0.700  1.000 
muf            -0.187 -0.275  1.000 


*******************************************************************************
Wed Jun 12 21:10:55 2019


FIT:    data read from 'WUpdf.txt'
        format = z
        x range restricted to [1400.00 : 1480.00]
        #datapoints = 9
        residuals are weighted equally (unit weight)

function used for fitting: gaussu(x)
	gaussu(x)=au/(sigmau*sqrt(2.*pi))*exp(-(x-muu)**2./(2.*sigmau**2))
fitted parameters initialized with current variable values

iter      chisq       delta/lim  lambda   au            sigmau        muu          
   0 6.5245985612e-03   0.00e+00  1.25e-02    1.000000e+00   1.000000e+02   1.400000e+03
 108 5.3811190823e-04   0.00e+00  1.25e+05    1.068960e+00   9.057555e+00   1.446597e+03

After 108 iterations the fit converged.
final sum of squares of residuals : 0.000538112
rel. change during last iteration : 0

degrees of freedom    (FIT_NDF)                        : 6
rms of residuals      (FIT_STDFIT) = sqrt(WSSR/ndf)    : 0.00947023
variance of residuals (reduced chisquare) = WSSR/ndf   : 8.96853e-05

Final set of parameters            Asymptotic Standard Error
=======================            ==========================
au              = 1.06896          +/- 0.1507       (14.1%)
sigmau          = 9.05755          +/- 1.532        (16.92%)
muu             = 1446.6           +/- 1.451        (0.1003%)

correlation matrix of the fit parameters:
                au     sigmau muu    
au              1.000 
sigmau          0.624  1.000 
muu             0.070  0.018  1.000 


*******************************************************************************
Wed Jun 12 21:11:41 2019


FIT:    data read from 'WFpdf.txt'
        format = z
        x range restricted to [1400.00 : 1480.00]
        #datapoints = 9
        residuals are weighted equally (unit weight)

function used for fitting: gaussf(x)
	gaussf(x)=af/(sigmaf*sqrt(2.*pi))*exp(-(x-muf)**2./(2.*sigmaf**2))
fitted parameters initialized with current variable values

iter      chisq       delta/lim  lambda   af            sigmaf        muf          
   0 7.0525848232e-03   0.00e+00  1.01e-02    1.000000e+00   1.000000e+02   1.400000e+03
  50 4.7615281184e-04  -1.24e-01  1.01e-08    1.163887e+00   1.037690e+01   1.426678e+03

After 50 iterations the fit converged.
final sum of squares of residuals : 0.000476153
rel. change during last iteration : -1.23583e-06

degrees of freedom    (FIT_NDF)                        : 6
rms of residuals      (FIT_STDFIT) = sqrt(WSSR/ndf)    : 0.00890836
variance of residuals (reduced chisquare) = WSSR/ndf   : 7.93588e-05

Final set of parameters            Asymptotic Standard Error
=======================            ==========================
af              = 1.16389          +/- 0.1587       (13.63%)
sigmaf          = 10.3769          +/- 1.794        (17.29%)
muf             = 1426.68          +/- 1.56         (0.1094%)

correlation matrix of the fit parameters:
                af     sigmaf muf    
af              1.000 
sigmaf          0.700  1.000 
muf            -0.187 -0.275  1.000 


*******************************************************************************
Wed Jun 12 21:11:41 2019


FIT:    data read from 'WUpdf.txt'
        format = z
        x range restricted to [1400.00 : 1480.00]
        #datapoints = 9
        residuals are weighted equally (unit weight)

function used for fitting: gaussu(x)
	gaussu(x)=au/(sigmau*sqrt(2.*pi))*exp(-(x-muu)**2./(2.*sigmau**2))
fitted parameters initialized with current variable values

iter      chisq       delta/lim  lambda   au            sigmau        muu          
   0 6.5245985612e-03   0.00e+00  1.25e-02    1.000000e+00   1.000000e+02   1.400000e+03
 108 5.3811190823e-04   0.00e+00  1.25e+05    1.068960e+00   9.057555e+00   1.446597e+03

After 108 iterations the fit converged.
final sum of squares of residuals : 0.000538112
rel. change during last iteration : 0

degrees of freedom    (FIT_NDF)                        : 6
rms of residuals      (FIT_STDFIT) = sqrt(WSSR/ndf)    : 0.00947023
variance of residuals (reduced chisquare) = WSSR/ndf   : 8.96853e-05

Final set of parameters            Asymptotic Standard Error
=======================            ==========================
au              = 1.06896          +/- 0.1507       (14.1%)
sigmau          = 9.05755          +/- 1.532        (16.92%)
muu             = 1446.6           +/- 1.451        (0.1003%)

correlation matrix of the fit parameters:
                au     sigmau muu    
au              1.000 
sigmau          0.624  1.000 
muu             0.070  0.018  1.000 


*******************************************************************************
Wed Jun 12 21:11:53 2019


FIT:    data read from 'WFpdf.txt'
        format = z
        x range restricted to [1400.00 : 1480.00]
        #datapoints = 9
        residuals are weighted equally (unit weight)

function used for fitting: gaussf(x)
	gaussf(x)=af/(sigmaf*sqrt(2.*pi))*exp(-(x-muf)**2./(2.*sigmaf**2))
fitted parameters initialized with current variable values

iter      chisq       delta/lim  lambda   af            sigmaf        muf          
   0 7.0525848232e-03   0.00e+00  1.01e-02    1.000000e+00   1.000000e+02   1.400000e+03
  50 4.7615281184e-04  -1.24e-01  1.01e-08    1.163887e+00   1.037690e+01   1.426678e+03

After 50 iterations the fit converged.
final sum of squares of residuals : 0.000476153
rel. change during last iteration : -1.23583e-06

degrees of freedom    (FIT_NDF)                        : 6
rms of residuals      (FIT_STDFIT) = sqrt(WSSR/ndf)    : 0.00890836
variance of residuals (reduced chisquare) = WSSR/ndf   : 7.93588e-05

Final set of parameters            Asymptotic Standard Error
=======================            ==========================
af              = 1.16389          +/- 0.1587       (13.63%)
sigmaf          = 10.3769          +/- 1.794        (17.29%)
muf             = 1426.68          +/- 1.56         (0.1094%)

correlation matrix of the fit parameters:
                af     sigmaf muf    
af              1.000 
sigmaf          0.700  1.000 
muf            -0.187 -0.275  1.000 


*******************************************************************************
Wed Jun 12 21:11:53 2019


FIT:    data read from 'WUpdf.txt'
        format = z
        x range restricted to [1400.00 : 1480.00]
        #datapoints = 9
        residuals are weighted equally (unit weight)

function used for fitting: gaussu(x)
	gaussu(x)=au/(sigmau*sqrt(2.*pi))*exp(-(x-muu)**2./(2.*sigmau**2))
fitted parameters initialized with current variable values

iter      chisq       delta/lim  lambda   au            sigmau        muu          
   0 6.5245985612e-03   0.00e+00  1.25e-02    1.000000e+00   1.000000e+02   1.400000e+03
 108 5.3811190823e-04   0.00e+00  1.25e+05    1.068960e+00   9.057555e+00   1.446597e+03

After 108 iterations the fit converged.
final sum of squares of residuals : 0.000538112
rel. change during last iteration : 0

degrees of freedom    (FIT_NDF)                        : 6
rms of residuals      (FIT_STDFIT) = sqrt(WSSR/ndf)    : 0.00947023
variance of residuals (reduced chisquare) = WSSR/ndf   : 8.96853e-05

Final set of parameters            Asymptotic Standard Error
=======================            ==========================
au              = 1.06896          +/- 0.1507       (14.1%)
sigmau          = 9.05755          +/- 1.532        (16.92%)
muu             = 1446.6           +/- 1.451        (0.1003%)

correlation matrix of the fit parameters:
                au     sigmau muu    
au              1.000 
sigmau          0.624  1.000 
muu             0.070  0.018  1.000 


*******************************************************************************
Wed Jun 12 21:11:58 2019


FIT:    data read from 'WFpdf.txt'
        format = z
        x range restricted to [1400.00 : 1480.00]
        #datapoints = 9
        residuals are weighted equally (unit weight)

function used for fitting: gaussf(x)
	gaussf(x)=af/(sigmaf*sqrt(2.*pi))*exp(-(x-muf)**2./(2.*sigmaf**2))
fitted parameters initialized with current variable values

iter      chisq       delta/lim  lambda   af            sigmaf        muf          
   0 7.0525848232e-03   0.00e+00  1.01e-02    1.000000e+00   1.000000e+02   1.400000e+03
  50 4.7615281184e-04  -1.24e-01  1.01e-08    1.163887e+00   1.037690e+01   1.426678e+03

After 50 iterations the fit converged.
final sum of squares of residuals : 0.000476153
rel. change during last iteration : -1.23583e-06

degrees of freedom    (FIT_NDF)                        : 6
rms of residuals      (FIT_STDFIT) = sqrt(WSSR/ndf)    : 0.00890836
variance of residuals (reduced chisquare) = WSSR/ndf   : 7.93588e-05

Final set of parameters            Asymptotic Standard Error
=======================            ==========================
af              = 1.16389          +/- 0.1587       (13.63%)
sigmaf          = 10.3769          +/- 1.794        (17.29%)
muf             = 1426.68          +/- 1.56         (0.1094%)

correlation matrix of the fit parameters:
                af     sigmaf muf    
af              1.000 
sigmaf          0.700  1.000 
muf            -0.187 -0.275  1.000 


*******************************************************************************
Wed Jun 12 21:11:58 2019


FIT:    data read from 'WUpdf.txt'
        format = z
        x range restricted to [1400.00 : 1480.00]
        #datapoints = 9
        residuals are weighted equally (unit weight)

function used for fitting: gaussu(x)
	gaussu(x)=au/(sigmau*sqrt(2.*pi))*exp(-(x-muu)**2./(2.*sigmau**2))
fitted parameters initialized with current variable values

iter      chisq       delta/lim  lambda   au            sigmau        muu          
   0 6.5245985612e-03   0.00e+00  1.25e-02    1.000000e+00   1.000000e+02   1.400000e+03
 108 5.3811190823e-04   0.00e+00  1.25e+05    1.068960e+00   9.057555e+00   1.446597e+03

After 108 iterations the fit converged.
final sum of squares of residuals : 0.000538112
rel. change during last iteration : 0

degrees of freedom    (FIT_NDF)                        : 6
rms of residuals      (FIT_STDFIT) = sqrt(WSSR/ndf)    : 0.00947023
variance of residuals (reduced chisquare) = WSSR/ndf   : 8.96853e-05

Final set of parameters            Asymptotic Standard Error
=======================            ==========================
au              = 1.06896          +/- 0.1507       (14.1%)
sigmau          = 9.05755          +/- 1.532        (16.92%)
muu             = 1446.6           +/- 1.451        (0.1003%)

correlation matrix of the fit parameters:
                au     sigmau muu    
au              1.000 
sigmau          0.624  1.000 
muu             0.070  0.018  1.000 


*******************************************************************************
Wed Jun 12 21:12:06 2019


FIT:    data read from 'WFpdf.txt'
        format = z
        x range restricted to [1400.00 : 1480.00]
        #datapoints = 9
        residuals are weighted equally (unit weight)

function used for fitting: gaussf(x)
	gaussf(x)=af/(sigmaf*sqrt(2.*pi))*exp(-(x-muf)**2./(2.*sigmaf**2))
fitted parameters initialized with current variable values

iter      chisq       delta/lim  lambda   af            sigmaf        muf          
   0 7.0525848232e-03   0.00e+00  1.01e-02    1.000000e+00   1.000000e+02   1.400000e+03
  50 4.7615281184e-04  -1.24e-01  1.01e-08    1.163887e+00   1.037690e+01   1.426678e+03

After 50 iterations the fit converged.
final sum of squares of residuals : 0.000476153
rel. change during last iteration : -1.23583e-06

degrees of freedom    (FIT_NDF)                        : 6
rms of residuals      (FIT_STDFIT) = sqrt(WSSR/ndf)    : 0.00890836
variance of residuals (reduced chisquare) = WSSR/ndf   : 7.93588e-05

Final set of parameters            Asymptotic Standard Error
=======================            ==========================
af              = 1.16389          +/- 0.1587       (13.63%)
sigmaf          = 10.3769          +/- 1.794        (17.29%)
muf             = 1426.68          +/- 1.56         (0.1094%)

correlation matrix of the fit parameters:
                af     sigmaf muf    
af              1.000 
sigmaf          0.700  1.000 
muf            -0.187 -0.275  1.000 


*******************************************************************************
Wed Jun 12 21:12:06 2019


FIT:    data read from 'WUpdf.txt'
        format = z
        x range restricted to [1400.00 : 1480.00]
        #datapoints = 9
        residuals are weighted equally (unit weight)

function used for fitting: gaussu(x)
	gaussu(x)=au/(sigmau*sqrt(2.*pi))*exp(-(x-muu)**2./(2.*sigmau**2))
fitted parameters initialized with current variable values

iter      chisq       delta/lim  lambda   au            sigmau        muu          
   0 6.5245985612e-03   0.00e+00  1.25e-02    1.000000e+00   1.000000e+02   1.400000e+03
 108 5.3811190823e-04   0.00e+00  1.25e+05    1.068960e+00   9.057555e+00   1.446597e+03

After 108 iterations the fit converged.
final sum of squares of residuals : 0.000538112
rel. change during last iteration : 0

degrees of freedom    (FIT_NDF)                        : 6
rms of residuals      (FIT_STDFIT) = sqrt(WSSR/ndf)    : 0.00947023
variance of residuals (reduced chisquare) = WSSR/ndf   : 8.96853e-05

Final set of parameters            Asymptotic Standard Error
=======================            ==========================
au              = 1.06896          +/- 0.1507       (14.1%)
sigmau          = 9.05755          +/- 1.532        (16.92%)
muu             = 1446.6           +/- 1.451        (0.1003%)

correlation matrix of the fit parameters:
                au     sigmau muu    
au              1.000 
sigmau          0.624  1.000 
muu             0.070  0.018  1.000 


*******************************************************************************
Wed Jun 12 21:12:21 2019


FIT:    data read from 'WFpdf.txt'
        format = z
        x range restricted to [1400.00 : 1480.00]
        #datapoints = 9
        residuals are weighted equally (unit weight)

function used for fitting: gaussf(x)
	gaussf(x)=af/(sigmaf*sqrt(2.*pi))*exp(-(x-muf)**2./(2.*sigmaf**2))
fitted parameters initialized with current variable values

iter      chisq       delta/lim  lambda   af            sigmaf        muf          
   0 7.0525848232e-03   0.00e+00  1.01e-02    1.000000e+00   1.000000e+02   1.400000e+03
  50 4.7615281184e-04  -1.24e-01  1.01e-08    1.163887e+00   1.037690e+01   1.426678e+03

After 50 iterations the fit converged.
final sum of squares of residuals : 0.000476153
rel. change during last iteration : -1.23583e-06

degrees of freedom    (FIT_NDF)                        : 6
rms of residuals      (FIT_STDFIT) = sqrt(WSSR/ndf)    : 0.00890836
variance of residuals (reduced chisquare) = WSSR/ndf   : 7.93588e-05

Final set of parameters            Asymptotic Standard Error
=======================            ==========================
af              = 1.16389          +/- 0.1587       (13.63%)
sigmaf          = 10.3769          +/- 1.794        (17.29%)
muf             = 1426.68          +/- 1.56         (0.1094%)

correlation matrix of the fit parameters:
                af     sigmaf muf    
af              1.000 
sigmaf          0.700  1.000 
muf            -0.187 -0.275  1.000 


*******************************************************************************
Wed Jun 12 21:12:21 2019


FIT:    data read from 'WUpdf.txt'
        format = z
        x range restricted to [1400.00 : 1480.00]
        #datapoints = 9
        residuals are weighted equally (unit weight)

function used for fitting: gaussu(x)
	gaussu(x)=au/(sigmau*sqrt(2.*pi))*exp(-(x-muu)**2./(2.*sigmau**2))
fitted parameters initialized with current variable values

iter      chisq       delta/lim  lambda   au            sigmau        muu          
   0 6.5245985612e-03   0.00e+00  1.25e-02    1.000000e+00   1.000000e+02   1.400000e+03
 108 5.3811190823e-04   0.00e+00  1.25e+05    1.068960e+00   9.057555e+00   1.446597e+03

After 108 iterations the fit converged.
final sum of squares of residuals : 0.000538112
rel. change during last iteration : 0

degrees of freedom    (FIT_NDF)                        : 6
rms of residuals      (FIT_STDFIT) = sqrt(WSSR/ndf)    : 0.00947023
variance of residuals (reduced chisquare) = WSSR/ndf   : 8.96853e-05

Final set of parameters            Asymptotic Standard Error
=======================            ==========================
au              = 1.06896          +/- 0.1507       (14.1%)
sigmau          = 9.05755          +/- 1.532        (16.92%)
muu             = 1446.6           +/- 1.451        (0.1003%)

correlation matrix of the fit parameters:
                au     sigmau muu    
au              1.000 
sigmau          0.624  1.000 
muu             0.070  0.018  1.000 


*******************************************************************************
Wed Jun 12 21:12:26 2019


FIT:    data read from 'WFpdf.txt'
        format = z
        x range restricted to [1400.00 : 1480.00]
        #datapoints = 9
        residuals are weighted equally (unit weight)

function used for fitting: gaussf(x)
	gaussf(x)=af/(sigmaf*sqrt(2.*pi))*exp(-(x-muf)**2./(2.*sigmaf**2))
fitted parameters initialized with current variable values

iter      chisq       delta/lim  lambda   af            sigmaf        muf          
   0 7.0525848232e-03   0.00e+00  1.01e-02    1.000000e+00   1.000000e+02   1.400000e+03
  50 4.7615281184e-04  -1.24e-01  1.01e-08    1.163887e+00   1.037690e+01   1.426678e+03

After 50 iterations the fit converged.
final sum of squares of residuals : 0.000476153
rel. change during last iteration : -1.23583e-06

degrees of freedom    (FIT_NDF)                        : 6
rms of residuals      (FIT_STDFIT) = sqrt(WSSR/ndf)    : 0.00890836
variance of residuals (reduced chisquare) = WSSR/ndf   : 7.93588e-05

Final set of parameters            Asymptotic Standard Error
=======================            ==========================
af              = 1.16389          +/- 0.1587       (13.63%)
sigmaf          = 10.3769          +/- 1.794        (17.29%)
muf             = 1426.68          +/- 1.56         (0.1094%)

correlation matrix of the fit parameters:
                af     sigmaf muf    
af              1.000 
sigmaf          0.700  1.000 
muf            -0.187 -0.275  1.000 


*******************************************************************************
Wed Jun 12 21:12:27 2019


FIT:    data read from 'WUpdf.txt'
        format = z
        x range restricted to [1400.00 : 1480.00]
        #datapoints = 9
        residuals are weighted equally (unit weight)

function used for fitting: gaussu(x)
	gaussu(x)=au/(sigmau*sqrt(2.*pi))*exp(-(x-muu)**2./(2.*sigmau**2))
fitted parameters initialized with current variable values

iter      chisq       delta/lim  lambda   au            sigmau        muu          
   0 6.5245985612e-03   0.00e+00  1.25e-02    1.000000e+00   1.000000e+02   1.400000e+03
 108 5.3811190823e-04   0.00e+00  1.25e+05    1.068960e+00   9.057555e+00   1.446597e+03

After 108 iterations the fit converged.
final sum of squares of residuals : 0.000538112
rel. change during last iteration : 0

degrees of freedom    (FIT_NDF)                        : 6
rms of residuals      (FIT_STDFIT) = sqrt(WSSR/ndf)    : 0.00947023
variance of residuals (reduced chisquare) = WSSR/ndf   : 8.96853e-05

Final set of parameters            Asymptotic Standard Error
=======================            ==========================
au              = 1.06896          +/- 0.1507       (14.1%)
sigmau          = 9.05755          +/- 1.532        (16.92%)
muu             = 1446.6           +/- 1.451        (0.1003%)

correlation matrix of the fit parameters:
                au     sigmau muu    
au              1.000 
sigmau          0.624  1.000 
muu             0.070  0.018  1.000 


*******************************************************************************
Wed Jun 12 21:12:35 2019


FIT:    data read from 'WFpdf.txt'
        format = z
        x range restricted to [1400.00 : 1480.00]
        #datapoints = 9
        residuals are weighted equally (unit weight)

function used for fitting: gaussf(x)
	gaussf(x)=af/(sigmaf*sqrt(2.*pi))*exp(-(x-muf)**2./(2.*sigmaf**2))
fitted parameters initialized with current variable values

iter      chisq       delta/lim  lambda   af            sigmaf        muf          
   0 7.0525848232e-03   0.00e+00  1.01e-02    1.000000e+00   1.000000e+02   1.400000e+03
  50 4.7615281184e-04  -1.24e-01  1.01e-08    1.163887e+00   1.037690e+01   1.426678e+03

After 50 iterations the fit converged.
final sum of squares of residuals : 0.000476153
rel. change during last iteration : -1.23583e-06

degrees of freedom    (FIT_NDF)                        : 6
rms of residuals      (FIT_STDFIT) = sqrt(WSSR/ndf)    : 0.00890836
variance of residuals (reduced chisquare) = WSSR/ndf   : 7.93588e-05

Final set of parameters            Asymptotic Standard Error
=======================            ==========================
af              = 1.16389          +/- 0.1587       (13.63%)
sigmaf          = 10.3769          +/- 1.794        (17.29%)
muf             = 1426.68          +/- 1.56         (0.1094%)

correlation matrix of the fit parameters:
                af     sigmaf muf    
af              1.000 
sigmaf          0.700  1.000 
muf            -0.187 -0.275  1.000 


*******************************************************************************
Wed Jun 12 21:12:35 2019


FIT:    data read from 'WUpdf.txt'
        format = z
        x range restricted to [1400.00 : 1480.00]
        #datapoints = 9
        residuals are weighted equally (unit weight)

function used for fitting: gaussu(x)
	gaussu(x)=au/(sigmau*sqrt(2.*pi))*exp(-(x-muu)**2./(2.*sigmau**2))
fitted parameters initialized with current variable values

iter      chisq       delta/lim  lambda   au            sigmau        muu          
   0 6.5245985612e-03   0.00e+00  1.25e-02    1.000000e+00   1.000000e+02   1.400000e+03
 108 5.3811190823e-04   0.00e+00  1.25e+05    1.068960e+00   9.057555e+00   1.446597e+03

After 108 iterations the fit converged.
final sum of squares of residuals : 0.000538112
rel. change during last iteration : 0

degrees of freedom    (FIT_NDF)                        : 6
rms of residuals      (FIT_STDFIT) = sqrt(WSSR/ndf)    : 0.00947023
variance of residuals (reduced chisquare) = WSSR/ndf   : 8.96853e-05

Final set of parameters            Asymptotic Standard Error
=======================            ==========================
au              = 1.06896          +/- 0.1507       (14.1%)
sigmau          = 9.05755          +/- 1.532        (16.92%)
muu             = 1446.6           +/- 1.451        (0.1003%)

correlation matrix of the fit parameters:
                au     sigmau muu    
au              1.000 
sigmau          0.624  1.000 
muu             0.070  0.018  1.000 


*******************************************************************************
Wed Jun 12 21:12:42 2019


FIT:    data read from 'WFpdf.txt'
        format = z
        x range restricted to [1400.00 : 1480.00]
        #datapoints = 9
        residuals are weighted equally (unit weight)

function used for fitting: gaussf(x)
	gaussf(x)=af/(sigmaf*sqrt(2.*pi))*exp(-(x-muf)**2./(2.*sigmaf**2))
fitted parameters initialized with current variable values

iter      chisq       delta/lim  lambda   af            sigmaf        muf          
   0 7.0525848232e-03   0.00e+00  1.01e-02    1.000000e+00   1.000000e+02   1.400000e+03
  50 4.7615281184e-04  -1.24e-01  1.01e-08    1.163887e+00   1.037690e+01   1.426678e+03

After 50 iterations the fit converged.
final sum of squares of residuals : 0.000476153
rel. change during last iteration : -1.23583e-06

degrees of freedom    (FIT_NDF)                        : 6
rms of residuals      (FIT_STDFIT) = sqrt(WSSR/ndf)    : 0.00890836
variance of residuals (reduced chisquare) = WSSR/ndf   : 7.93588e-05

Final set of parameters            Asymptotic Standard Error
=======================            ==========================
af              = 1.16389          +/- 0.1587       (13.63%)
sigmaf          = 10.3769          +/- 1.794        (17.29%)
muf             = 1426.68          +/- 1.56         (0.1094%)

correlation matrix of the fit parameters:
                af     sigmaf muf    
af              1.000 
sigmaf          0.700  1.000 
muf            -0.187 -0.275  1.000 


*******************************************************************************
Wed Jun 12 21:12:42 2019


FIT:    data read from 'WUpdf.txt'
        format = z
        x range restricted to [1400.00 : 1480.00]
        #datapoints = 9
        residuals are weighted equally (unit weight)

function used for fitting: gaussu(x)
	gaussu(x)=au/(sigmau*sqrt(2.*pi))*exp(-(x-muu)**2./(2.*sigmau**2))
fitted parameters initialized with current variable values

iter      chisq       delta/lim  lambda   au            sigmau        muu          
   0 6.5245985612e-03   0.00e+00  1.25e-02    1.000000e+00   1.000000e+02   1.400000e+03
 108 5.3811190823e-04   0.00e+00  1.25e+05    1.068960e+00   9.057555e+00   1.446597e+03

After 108 iterations the fit converged.
final sum of squares of residuals : 0.000538112
rel. change during last iteration : 0

degrees of freedom    (FIT_NDF)                        : 6
rms of residuals      (FIT_STDFIT) = sqrt(WSSR/ndf)    : 0.00947023
variance of residuals (reduced chisquare) = WSSR/ndf   : 8.96853e-05

Final set of parameters            Asymptotic Standard Error
=======================            ==========================
au              = 1.06896          +/- 0.1507       (14.1%)
sigmau          = 9.05755          +/- 1.532        (16.92%)
muu             = 1446.6           +/- 1.451        (0.1003%)

correlation matrix of the fit parameters:
                au     sigmau muu    
au              1.000 
sigmau          0.624  1.000 
muu             0.070  0.018  1.000 


*******************************************************************************
Wed Jun 12 21:12:50 2019


FIT:    data read from 'WFpdf.txt'
        format = z
        x range restricted to [1400.00 : 1480.00]
        #datapoints = 9
        residuals are weighted equally (unit weight)

function used for fitting: gaussf(x)
	gaussf(x)=af/(sigmaf*sqrt(2.*pi))*exp(-(x-muf)**2./(2.*sigmaf**2))
fitted parameters initialized with current variable values

iter      chisq       delta/lim  lambda   af            sigmaf        muf          
   0 7.0525848232e-03   0.00e+00  1.01e-02    1.000000e+00   1.000000e+02   1.400000e+03
  50 4.7615281184e-04  -1.24e-01  1.01e-08    1.163887e+00   1.037690e+01   1.426678e+03

After 50 iterations the fit converged.
final sum of squares of residuals : 0.000476153
rel. change during last iteration : -1.23583e-06

degrees of freedom    (FIT_NDF)                        : 6
rms of residuals      (FIT_STDFIT) = sqrt(WSSR/ndf)    : 0.00890836
variance of residuals (reduced chisquare) = WSSR/ndf   : 7.93588e-05

Final set of parameters            Asymptotic Standard Error
=======================            ==========================
af              = 1.16389          +/- 0.1587       (13.63%)
sigmaf          = 10.3769          +/- 1.794        (17.29%)
muf             = 1426.68          +/- 1.56         (0.1094%)

correlation matrix of the fit parameters:
                af     sigmaf muf    
af              1.000 
sigmaf          0.700  1.000 
muf            -0.187 -0.275  1.000 


*******************************************************************************
Wed Jun 12 21:12:50 2019


FIT:    data read from 'WUpdf.txt'
        format = z
        x range restricted to [1400.00 : 1480.00]
        #datapoints = 9
        residuals are weighted equally (unit weight)

function used for fitting: gaussu(x)
	gaussu(x)=au/(sigmau*sqrt(2.*pi))*exp(-(x-muu)**2./(2.*sigmau**2))
fitted parameters initialized with current variable values

iter      chisq       delta/lim  lambda   au            sigmau        muu          
   0 6.5245985612e-03   0.00e+00  1.25e-02    1.000000e+00   1.000000e+02   1.400000e+03
 108 5.3811190823e-04   0.00e+00  1.25e+05    1.068960e+00   9.057555e+00   1.446597e+03

After 108 iterations the fit converged.
final sum of squares of residuals : 0.000538112
rel. change during last iteration : 0

degrees of freedom    (FIT_NDF)                        : 6
rms of residuals      (FIT_STDFIT) = sqrt(WSSR/ndf)    : 0.00947023
variance of residuals (reduced chisquare) = WSSR/ndf   : 8.96853e-05

Final set of parameters            Asymptotic Standard Error
=======================            ==========================
au              = 1.06896          +/- 0.1507       (14.1%)
sigmau          = 9.05755          +/- 1.532        (16.92%)
muu             = 1446.6           +/- 1.451        (0.1003%)

correlation matrix of the fit parameters:
                au     sigmau muu    
au              1.000 
sigmau          0.624  1.000 
muu             0.070  0.018  1.000 


*******************************************************************************
Wed Jun 12 21:13:26 2019


FIT:    data read from 'WFpdf.txt'
        format = z
        x range restricted to [1400.00 : 1480.00]
        #datapoints = 9
        residuals are weighted equally (unit weight)

function used for fitting: gaussf(x)
	gaussf(x)=af/(sigmaf*sqrt(2.*pi))*exp(-(x-muf)**2./(2.*sigmaf**2))
fitted parameters initialized with current variable values

iter      chisq       delta/lim  lambda   af            sigmaf        muf          
   0 7.0525848232e-03   0.00e+00  1.01e-02    1.000000e+00   1.000000e+02   1.400000e+03
  50 4.7615281184e-04  -1.24e-01  1.01e-08    1.163887e+00   1.037690e+01   1.426678e+03

After 50 iterations the fit converged.
final sum of squares of residuals : 0.000476153
rel. change during last iteration : -1.23583e-06

degrees of freedom    (FIT_NDF)                        : 6
rms of residuals      (FIT_STDFIT) = sqrt(WSSR/ndf)    : 0.00890836
variance of residuals (reduced chisquare) = WSSR/ndf   : 7.93588e-05

Final set of parameters            Asymptotic Standard Error
=======================            ==========================
af              = 1.16389          +/- 0.1587       (13.63%)
sigmaf          = 10.3769          +/- 1.794        (17.29%)
muf             = 1426.68          +/- 1.56         (0.1094%)

correlation matrix of the fit parameters:
                af     sigmaf muf    
af              1.000 
sigmaf          0.700  1.000 
muf            -0.187 -0.275  1.000 


*******************************************************************************
Wed Jun 12 21:13:26 2019


FIT:    data read from 'WUpdf.txt'
        format = z
        x range restricted to [1400.00 : 1480.00]
        #datapoints = 9
        residuals are weighted equally (unit weight)

function used for fitting: gaussu(x)
	gaussu(x)=au/(sigmau*sqrt(2.*pi))*exp(-(x-muu)**2./(2.*sigmau**2))
fitted parameters initialized with current variable values

iter      chisq       delta/lim  lambda   au            sigmau        muu          
   0 6.5245985612e-03   0.00e+00  1.25e-02    1.000000e+00   1.000000e+02   1.400000e+03
 108 5.3811190823e-04   0.00e+00  1.25e+05    1.068960e+00   9.057555e+00   1.446597e+03

After 108 iterations the fit converged.
final sum of squares of residuals : 0.000538112
rel. change during last iteration : 0

degrees of freedom    (FIT_NDF)                        : 6
rms of residuals      (FIT_STDFIT) = sqrt(WSSR/ndf)    : 0.00947023
variance of residuals (reduced chisquare) = WSSR/ndf   : 8.96853e-05

Final set of parameters            Asymptotic Standard Error
=======================            ==========================
au              = 1.06896          +/- 0.1507       (14.1%)
sigmau          = 9.05755          +/- 1.532        (16.92%)
muu             = 1446.6           +/- 1.451        (0.1003%)

correlation matrix of the fit parameters:
                au     sigmau muu    
au              1.000 
sigmau          0.624  1.000 
muu             0.070  0.018  1.000 


*******************************************************************************
Thu Jun 13 11:48:33 2019


FIT:    data read from 'WFpdf.txt'
        format = z
        x range restricted to [1400.00 : 1480.00]
BREAK: No data to fit

*******************************************************************************
Thu Jun 13 11:49:34 2019


FIT:    data read from 'WFpdf.txt'
        format = z
        x range restricted to [340.301 : 359.747]
        #datapoints = 9
        residuals are weighted equally (unit weight)

function used for fitting: gaussf(x)
	gaussf(x)=af/(sigmaf*sqrt(2.*pi))*exp(-(x-muf)**2./(2.*sigmaf**2))
fitted parameters initialized with current variable values

iter      chisq       delta/lim  lambda   af            sigmaf        muf          
   0 1.1937348789e-01   0.00e+00  4.17e-02    1.000000e+00   2.430724e+01   3.403014e+02
  50 8.0623710451e-03  -1.32e-01  4.17e-08    1.163948e+00   2.522474e+00   3.467860e+02

After 50 iterations the fit converged.
final sum of squares of residuals : 0.00806237
rel. change during last iteration : -1.32151e-06

degrees of freedom    (FIT_NDF)                        : 6
rms of residuals      (FIT_STDFIT) = sqrt(WSSR/ndf)    : 0.0366569
variance of residuals (reduced chisquare) = WSSR/ndf   : 0.00134373

Final set of parameters            Asymptotic Standard Error
=======================            ==========================
af              = 1.16395          +/- 0.1587       (13.64%)
sigmaf          = 2.52247          +/- 0.4362       (17.29%)
muf             = 346.786          +/- 0.3793       (0.1094%)

correlation matrix of the fit parameters:
                af     sigmaf muf    
af              1.000 
sigmaf          0.700  1.000 
muf            -0.187 -0.275  1.000 


*******************************************************************************
Thu Jun 13 11:49:34 2019


FIT:    data read from 'WUpdf.txt'
        format = z
        x range restricted to [340.301 : 359.747]
        #datapoints = 9
        residuals are weighted equally (unit weight)

function used for fitting: gaussu(x)
	gaussu(x)=au/(sigmau*sqrt(2.*pi))*exp(-(x-muu)**2./(2.*sigmau**2))
fitted parameters initialized with current variable values

iter      chisq       delta/lim  lambda   au            sigmau        muu          
   0 1.1041896150e-01   0.00e+00  5.14e-02    1.000000e+00   2.430724e+01   3.403014e+02
 108 9.1037714831e-03   0.00e+00  5.14e+05    1.068955e+00   2.201725e+00   3.516277e+02

After 108 iterations the fit converged.
final sum of squares of residuals : 0.00910377
rel. change during last iteration : 0

degrees of freedom    (FIT_NDF)                        : 6
rms of residuals      (FIT_STDFIT) = sqrt(WSSR/ndf)    : 0.0389525
variance of residuals (reduced chisquare) = WSSR/ndf   : 0.0015173

Final set of parameters            Asymptotic Standard Error
=======================            ==========================
au              = 1.06896          +/- 0.1507       (14.09%)
sigmau          = 2.20173          +/- 0.3724       (16.91%)
muu             = 351.628          +/- 0.3527       (0.1003%)

correlation matrix of the fit parameters:
                au     sigmau muu    
au              1.000 
sigmau          0.624  1.000 
muu             0.070  0.018  1.000 


*******************************************************************************
Thu Jun 13 11:49:51 2019


FIT:    data read from 'WFpdf.txt'
        format = z
        x range restricted to [340.301 : 359.747]
        #datapoints = 9
        residuals are weighted equally (unit weight)

function used for fitting: gaussf(x)
	gaussf(x)=af/(sigmaf*sqrt(2.*pi))*exp(-(x-muf)**2./(2.*sigmaf**2))
fitted parameters initialized with current variable values

iter      chisq       delta/lim  lambda   af            sigmaf        muf          
   0 1.1937348789e-01   0.00e+00  4.17e-02    1.000000e+00   2.430724e+01   3.403014e+02
  50 8.0623710451e-03  -1.32e-01  4.17e-08    1.163948e+00   2.522474e+00   3.467860e+02

After 50 iterations the fit converged.
final sum of squares of residuals : 0.00806237
rel. change during last iteration : -1.32151e-06

degrees of freedom    (FIT_NDF)                        : 6
rms of residuals      (FIT_STDFIT) = sqrt(WSSR/ndf)    : 0.0366569
variance of residuals (reduced chisquare) = WSSR/ndf   : 0.00134373

Final set of parameters            Asymptotic Standard Error
=======================            ==========================
af              = 1.16395          +/- 0.1587       (13.64%)
sigmaf          = 2.52247          +/- 0.4362       (17.29%)
muf             = 346.786          +/- 0.3793       (0.1094%)

correlation matrix of the fit parameters:
                af     sigmaf muf    
af              1.000 
sigmaf          0.700  1.000 
muf            -0.187 -0.275  1.000 


*******************************************************************************
Thu Jun 13 11:49:51 2019


FIT:    data read from 'WUpdf.txt'
        format = z
        x range restricted to [340.301 : 359.747]
        #datapoints = 9
        residuals are weighted equally (unit weight)

function used for fitting: gaussu(x)
	gaussu(x)=au/(sigmau*sqrt(2.*pi))*exp(-(x-muu)**2./(2.*sigmau**2))
fitted parameters initialized with current variable values

iter      chisq       delta/lim  lambda   au            sigmau        muu          
   0 1.1041896150e-01   0.00e+00  5.14e-02    1.000000e+00   2.430724e+01   3.403014e+02
 108 9.1037714831e-03   0.00e+00  5.14e+05    1.068955e+00   2.201725e+00   3.516277e+02

After 108 iterations the fit converged.
final sum of squares of residuals : 0.00910377
rel. change during last iteration : 0

degrees of freedom    (FIT_NDF)                        : 6
rms of residuals      (FIT_STDFIT) = sqrt(WSSR/ndf)    : 0.0389525
variance of residuals (reduced chisquare) = WSSR/ndf   : 0.0015173

Final set of parameters            Asymptotic Standard Error
=======================            ==========================
au              = 1.06896          +/- 0.1507       (14.09%)
sigmau          = 2.20173          +/- 0.3724       (16.91%)
muu             = 351.628          +/- 0.3527       (0.1003%)

correlation matrix of the fit parameters:
                au     sigmau muu    
au              1.000 
sigmau          0.624  1.000 
muu             0.070  0.018  1.000 


*******************************************************************************
Thu Jun 13 11:50:26 2019


FIT:    data read from 'WFpdf.txt'
        format = z
        x range restricted to [340.301 : 359.747]
        #datapoints = 9
        residuals are weighted equally (unit weight)

function used for fitting: gaussf(x)
	gaussf(x)=af/(sigmaf*sqrt(2.*pi))*exp(-(x-muf)**2./(2.*sigmaf**2))
fitted parameters initialized with current variable values

iter      chisq       delta/lim  lambda   af            sigmaf        muf          
   0 1.1937348789e-01   0.00e+00  4.17e-02    1.000000e+00   2.430724e+01   3.403014e+02
  50 8.0623710451e-03  -1.32e-01  4.17e-08    1.163948e+00   2.522474e+00   3.467860e+02

After 50 iterations the fit converged.
final sum of squares of residuals : 0.00806237
rel. change during last iteration : -1.32151e-06

degrees of freedom    (FIT_NDF)                        : 6
rms of residuals      (FIT_STDFIT) = sqrt(WSSR/ndf)    : 0.0366569
variance of residuals (reduced chisquare) = WSSR/ndf   : 0.00134373

Final set of parameters            Asymptotic Standard Error
=======================            ==========================
af              = 1.16395          +/- 0.1587       (13.64%)
sigmaf          = 2.52247          +/- 0.4362       (17.29%)
muf             = 346.786          +/- 0.3793       (0.1094%)

correlation matrix of the fit parameters:
                af     sigmaf muf    
af              1.000 
sigmaf          0.700  1.000 
muf            -0.187 -0.275  1.000 


*******************************************************************************
Thu Jun 13 11:50:26 2019


FIT:    data read from 'WUpdf.txt'
        format = z
        x range restricted to [340.301 : 359.747]
        #datapoints = 9
        residuals are weighted equally (unit weight)

function used for fitting: gaussu(x)
	gaussu(x)=au/(sigmau*sqrt(2.*pi))*exp(-(x-muu)**2./(2.*sigmau**2))
fitted parameters initialized with current variable values

iter      chisq       delta/lim  lambda   au            sigmau        muu          
   0 1.1041896150e-01   0.00e+00  5.14e-02    1.000000e+00   2.430724e+01   3.403014e+02
 108 9.1037714831e-03   0.00e+00  5.14e+05    1.068955e+00   2.201725e+00   3.516277e+02

After 108 iterations the fit converged.
final sum of squares of residuals : 0.00910377
rel. change during last iteration : 0

degrees of freedom    (FIT_NDF)                        : 6
rms of residuals      (FIT_STDFIT) = sqrt(WSSR/ndf)    : 0.0389525
variance of residuals (reduced chisquare) = WSSR/ndf   : 0.0015173

Final set of parameters            Asymptotic Standard Error
=======================            ==========================
au              = 1.06896          +/- 0.1507       (14.09%)
sigmau          = 2.20173          +/- 0.3724       (16.91%)
muu             = 351.628          +/- 0.3527       (0.1003%)

correlation matrix of the fit parameters:
                au     sigmau muu    
au              1.000 
sigmau          0.624  1.000 
muu             0.070  0.018  1.000 


*******************************************************************************
Thu Jun 13 11:51:01 2019


FIT:    data read from 'WFpdf.txt'
        format = z
        x range restricted to [340.301 : 359.747]
        #datapoints = 9
        residuals are weighted equally (unit weight)

function used for fitting: gaussf(x)
	gaussf(x)=af/(sigmaf*sqrt(2.*pi))*exp(-(x-muf)**2./(2.*sigmaf**2))
fitted parameters initialized with current variable values

iter      chisq       delta/lim  lambda   af            sigmaf        muf          
   0 1.1937348789e-01   0.00e+00  4.17e-02    1.000000e+00   2.430724e+01   3.403014e+02
  50 8.0623710451e-03  -1.32e-01  4.17e-08    1.163948e+00   2.522474e+00   3.467860e+02

After 50 iterations the fit converged.
final sum of squares of residuals : 0.00806237
rel. change during last iteration : -1.32151e-06

degrees of freedom    (FIT_NDF)                        : 6
rms of residuals      (FIT_STDFIT) = sqrt(WSSR/ndf)    : 0.0366569
variance of residuals (reduced chisquare) = WSSR/ndf   : 0.00134373

Final set of parameters            Asymptotic Standard Error
=======================            ==========================
af              = 1.16395          +/- 0.1587       (13.64%)
sigmaf          = 2.52247          +/- 0.4362       (17.29%)
muf             = 346.786          +/- 0.3793       (0.1094%)

correlation matrix of the fit parameters:
                af     sigmaf muf    
af              1.000 
sigmaf          0.700  1.000 
muf            -0.187 -0.275  1.000 


*******************************************************************************
Thu Jun 13 11:51:01 2019


FIT:    data read from 'WUpdf.txt'
        format = z
        x range restricted to [340.301 : 359.747]
        #datapoints = 9
        residuals are weighted equally (unit weight)

function used for fitting: gaussu(x)
	gaussu(x)=au/(sigmau*sqrt(2.*pi))*exp(-(x-muu)**2./(2.*sigmau**2))
fitted parameters initialized with current variable values

iter      chisq       delta/lim  lambda   au            sigmau        muu          
   0 1.1041896150e-01   0.00e+00  5.14e-02    1.000000e+00   2.430724e+01   3.403014e+02
 108 9.1037714831e-03   0.00e+00  5.14e+05    1.068955e+00   2.201725e+00   3.516277e+02

After 108 iterations the fit converged.
final sum of squares of residuals : 0.00910377
rel. change during last iteration : 0

degrees of freedom    (FIT_NDF)                        : 6
rms of residuals      (FIT_STDFIT) = sqrt(WSSR/ndf)    : 0.0389525
variance of residuals (reduced chisquare) = WSSR/ndf   : 0.0015173

Final set of parameters            Asymptotic Standard Error
=======================            ==========================
au              = 1.06896          +/- 0.1507       (14.09%)
sigmau          = 2.20173          +/- 0.3724       (16.91%)
muu             = 351.628          +/- 0.3527       (0.1003%)

correlation matrix of the fit parameters:
                au     sigmau muu    
au              1.000 
sigmau          0.624  1.000 
muu             0.070  0.018  1.000 


*******************************************************************************
Thu Jun 13 11:51:34 2019


FIT:    data read from 'WFpdf.txt'
        format = z
        x range restricted to [340.301 : 359.747]
        #datapoints = 9
        residuals are weighted equally (unit weight)

function used for fitting: gaussf(x)
	gaussf(x)=af/(sigmaf*sqrt(2.*pi))*exp(-(x-muf)**2./(2.*sigmaf**2))
fitted parameters initialized with current variable values

iter      chisq       delta/lim  lambda   af            sigmaf        muf          
   0 1.1937348789e-01   0.00e+00  4.17e-02    1.000000e+00   2.430724e+01   3.403014e+02
  50 8.0623710451e-03  -1.32e-01  4.17e-08    1.163948e+00   2.522474e+00   3.467860e+02

After 50 iterations the fit converged.
final sum of squares of residuals : 0.00806237
rel. change during last iteration : -1.32151e-06

degrees of freedom    (FIT_NDF)                        : 6
rms of residuals      (FIT_STDFIT) = sqrt(WSSR/ndf)    : 0.0366569
variance of residuals (reduced chisquare) = WSSR/ndf   : 0.00134373

Final set of parameters            Asymptotic Standard Error
=======================            ==========================
af              = 1.16395          +/- 0.1587       (13.64%)
sigmaf          = 2.52247          +/- 0.4362       (17.29%)
muf             = 346.786          +/- 0.3793       (0.1094%)

correlation matrix of the fit parameters:
                af     sigmaf muf    
af              1.000 
sigmaf          0.700  1.000 
muf            -0.187 -0.275  1.000 


*******************************************************************************
Thu Jun 13 11:51:34 2019


FIT:    data read from 'WUpdf.txt'
        format = z
        x range restricted to [340.301 : 359.747]
        #datapoints = 9
        residuals are weighted equally (unit weight)

function used for fitting: gaussu(x)
	gaussu(x)=au/(sigmau*sqrt(2.*pi))*exp(-(x-muu)**2./(2.*sigmau**2))
fitted parameters initialized with current variable values

iter      chisq       delta/lim  lambda   au            sigmau        muu          
   0 1.1041896150e-01   0.00e+00  5.14e-02    1.000000e+00   2.430724e+01   3.403014e+02
 108 9.1037714831e-03   0.00e+00  5.14e+05    1.068955e+00   2.201725e+00   3.516277e+02

After 108 iterations the fit converged.
final sum of squares of residuals : 0.00910377
rel. change during last iteration : 0

degrees of freedom    (FIT_NDF)                        : 6
rms of residuals      (FIT_STDFIT) = sqrt(WSSR/ndf)    : 0.0389525
variance of residuals (reduced chisquare) = WSSR/ndf   : 0.0015173

Final set of parameters            Asymptotic Standard Error
=======================            ==========================
au              = 1.06896          +/- 0.1507       (14.09%)
sigmau          = 2.20173          +/- 0.3724       (16.91%)
muu             = 351.628          +/- 0.3527       (0.1003%)

correlation matrix of the fit parameters:
                au     sigmau muu    
au              1.000 
sigmau          0.624  1.000 
muu             0.070  0.018  1.000 


*******************************************************************************
Thu Jun 13 11:53:08 2019


FIT:    data read from 'WFpdf.txt'
        format = z
        x range restricted to [340.301 : 359.747]
        #datapoints = 9
        residuals are weighted equally (unit weight)

function used for fitting: gaussf(x)
	gaussf(x)=af/(sigmaf*sqrt(2.*pi))*exp(-(x-muf)**2./(2.*sigmaf**2))
fitted parameters initialized with current variable values

iter      chisq       delta/lim  lambda   af            sigmaf        muf          
   0 1.1937348789e-01   0.00e+00  4.17e-02    1.000000e+00   2.430724e+01   3.403014e+02
  50 8.0623710451e-03  -1.32e-01  4.17e-08    1.163948e+00   2.522474e+00   3.467860e+02

After 50 iterations the fit converged.
final sum of squares of residuals : 0.00806237
rel. change during last iteration : -1.32151e-06

degrees of freedom    (FIT_NDF)                        : 6
rms of residuals      (FIT_STDFIT) = sqrt(WSSR/ndf)    : 0.0366569
variance of residuals (reduced chisquare) = WSSR/ndf   : 0.00134373

Final set of parameters            Asymptotic Standard Error
=======================            ==========================
af              = 1.16395          +/- 0.1587       (13.64%)
sigmaf          = 2.52247          +/- 0.4362       (17.29%)
muf             = 346.786          +/- 0.3793       (0.1094%)

correlation matrix of the fit parameters:
                af     sigmaf muf    
af              1.000 
sigmaf          0.700  1.000 
muf            -0.187 -0.275  1.000 


*******************************************************************************
Thu Jun 13 11:53:08 2019


FIT:    data read from 'WUpdf.txt'
        format = z
        x range restricted to [340.301 : 359.747]
        #datapoints = 9
        residuals are weighted equally (unit weight)

function used for fitting: gaussu(x)
	gaussu(x)=au/(sigmau*sqrt(2.*pi))*exp(-(x-muu)**2./(2.*sigmau**2))
fitted parameters initialized with current variable values

iter      chisq       delta/lim  lambda   au            sigmau        muu          
   0 1.1041896150e-01   0.00e+00  5.14e-02    1.000000e+00   2.430724e+01   3.403014e+02
 108 9.1037714831e-03   0.00e+00  5.14e+05    1.068955e+00   2.201725e+00   3.516277e+02

After 108 iterations the fit converged.
final sum of squares of residuals : 0.00910377
rel. change during last iteration : 0

degrees of freedom    (FIT_NDF)                        : 6
rms of residuals      (FIT_STDFIT) = sqrt(WSSR/ndf)    : 0.0389525
variance of residuals (reduced chisquare) = WSSR/ndf   : 0.0015173

Final set of parameters            Asymptotic Standard Error
=======================            ==========================
au              = 1.06896          +/- 0.1507       (14.09%)
sigmau          = 2.20173          +/- 0.3724       (16.91%)
muu             = 351.628          +/- 0.3527       (0.1003%)

correlation matrix of the fit parameters:
                au     sigmau muu    
au              1.000 
sigmau          0.624  1.000 
muu             0.070  0.018  1.000 


*******************************************************************************
Thu Jun 13 11:53:32 2019


FIT:    data read from 'WFpdf.txt'
        format = z
        x range restricted to [340.301 : 359.747]
        #datapoints = 9
        residuals are weighted equally (unit weight)

function used for fitting: gaussf(x)
	gaussf(x)=af/(sigmaf*sqrt(2.*pi))*exp(-(x-muf)**2./(2.*sigmaf**2))
fitted parameters initialized with current variable values

iter      chisq       delta/lim  lambda   af            sigmaf        muf          
   0 1.1937348789e-01   0.00e+00  4.17e-02    1.000000e+00   2.430724e+01   3.403014e+02
  50 8.0623710451e-03  -1.32e-01  4.17e-08    1.163948e+00   2.522474e+00   3.467860e+02

After 50 iterations the fit converged.
final sum of squares of residuals : 0.00806237
rel. change during last iteration : -1.32151e-06

degrees of freedom    (FIT_NDF)                        : 6
rms of residuals      (FIT_STDFIT) = sqrt(WSSR/ndf)    : 0.0366569
variance of residuals (reduced chisquare) = WSSR/ndf   : 0.00134373

Final set of parameters            Asymptotic Standard Error
=======================            ==========================
af              = 1.16395          +/- 0.1587       (13.64%)
sigmaf          = 2.52247          +/- 0.4362       (17.29%)
muf             = 346.786          +/- 0.3793       (0.1094%)

correlation matrix of the fit parameters:
                af     sigmaf muf    
af              1.000 
sigmaf          0.700  1.000 
muf            -0.187 -0.275  1.000 


*******************************************************************************
Thu Jun 13 11:53:32 2019


FIT:    data read from 'WUpdf.txt'
        format = z
        x range restricted to [340.301 : 359.747]
        #datapoints = 9
        residuals are weighted equally (unit weight)

function used for fitting: gaussu(x)
	gaussu(x)=au/(sigmau*sqrt(2.*pi))*exp(-(x-muu)**2./(2.*sigmau**2))
fitted parameters initialized with current variable values

iter      chisq       delta/lim  lambda   au            sigmau        muu          
   0 1.1041896150e-01   0.00e+00  5.14e-02    1.000000e+00   2.430724e+01   3.403014e+02
 108 9.1037714831e-03   0.00e+00  5.14e+05    1.068955e+00   2.201725e+00   3.516277e+02

After 108 iterations the fit converged.
final sum of squares of residuals : 0.00910377
rel. change during last iteration : 0

degrees of freedom    (FIT_NDF)                        : 6
rms of residuals      (FIT_STDFIT) = sqrt(WSSR/ndf)    : 0.0389525
variance of residuals (reduced chisquare) = WSSR/ndf   : 0.0015173

Final set of parameters            Asymptotic Standard Error
=======================            ==========================
au              = 1.06896          +/- 0.1507       (14.09%)
sigmau          = 2.20173          +/- 0.3724       (16.91%)
muu             = 351.628          +/- 0.3527       (0.1003%)

correlation matrix of the fit parameters:
                au     sigmau muu    
au              1.000 
sigmau          0.624  1.000 
muu             0.070  0.018  1.000 


*******************************************************************************
Thu Jun 13 11:53:34 2019


FIT:    data read from 'WFpdf.txt'
        format = z
        x range restricted to [340.301 : 359.747]
        #datapoints = 9
        residuals are weighted equally (unit weight)

function used for fitting: gaussf(x)
	gaussf(x)=af/(sigmaf*sqrt(2.*pi))*exp(-(x-muf)**2./(2.*sigmaf**2))
fitted parameters initialized with current variable values

iter      chisq       delta/lim  lambda   af            sigmaf        muf          
   0 1.1937348789e-01   0.00e+00  4.17e-02    1.000000e+00   2.430724e+01   3.403014e+02
  50 8.0623710451e-03  -1.32e-01  4.17e-08    1.163948e+00   2.522474e+00   3.467860e+02

After 50 iterations the fit converged.
final sum of squares of residuals : 0.00806237
rel. change during last iteration : -1.32151e-06

degrees of freedom    (FIT_NDF)                        : 6
rms of residuals      (FIT_STDFIT) = sqrt(WSSR/ndf)    : 0.0366569
variance of residuals (reduced chisquare) = WSSR/ndf   : 0.00134373

Final set of parameters            Asymptotic Standard Error
=======================            ==========================
af              = 1.16395          +/- 0.1587       (13.64%)
sigmaf          = 2.52247          +/- 0.4362       (17.29%)
muf             = 346.786          +/- 0.3793       (0.1094%)

correlation matrix of the fit parameters:
                af     sigmaf muf    
af              1.000 
sigmaf          0.700  1.000 
muf            -0.187 -0.275  1.000 


*******************************************************************************
Thu Jun 13 11:53:34 2019


FIT:    data read from 'WUpdf.txt'
        format = z
        x range restricted to [340.301 : 359.747]
        #datapoints = 9
        residuals are weighted equally (unit weight)

function used for fitting: gaussu(x)
	gaussu(x)=au/(sigmau*sqrt(2.*pi))*exp(-(x-muu)**2./(2.*sigmau**2))
fitted parameters initialized with current variable values

iter      chisq       delta/lim  lambda   au            sigmau        muu          
   0 1.1041896150e-01   0.00e+00  5.14e-02    1.000000e+00   2.430724e+01   3.403014e+02
 108 9.1037714831e-03   0.00e+00  5.14e+05    1.068955e+00   2.201725e+00   3.516277e+02

After 108 iterations the fit converged.
final sum of squares of residuals : 0.00910377
rel. change during last iteration : 0

degrees of freedom    (FIT_NDF)                        : 6
rms of residuals      (FIT_STDFIT) = sqrt(WSSR/ndf)    : 0.0389525
variance of residuals (reduced chisquare) = WSSR/ndf   : 0.0015173

Final set of parameters            Asymptotic Standard Error
=======================            ==========================
au              = 1.06896          +/- 0.1507       (14.09%)
sigmau          = 2.20173          +/- 0.3724       (16.91%)
muu             = 351.628          +/- 0.3527       (0.1003%)

correlation matrix of the fit parameters:
                au     sigmau muu    
au              1.000 
sigmau          0.624  1.000 
muu             0.070  0.018  1.000 


*******************************************************************************
Thu Jun 13 11:54:00 2019


FIT:    data read from 'WFpdf.txt'
        format = z
        x range restricted to [340.301 : 359.747]
        #datapoints = 9
        residuals are weighted equally (unit weight)

function used for fitting: gaussf(x)
	gaussf(x)=af/(sigmaf*sqrt(2.*pi))*exp(-(x-muf)**2./(2.*sigmaf**2))
fitted parameters initialized with current variable values

iter      chisq       delta/lim  lambda   af            sigmaf        muf          
   0 1.1937348789e-01   0.00e+00  4.17e-02    1.000000e+00   2.430724e+01   3.403014e+02
  50 8.0623710451e-03  -1.32e-01  4.17e-08    1.163948e+00   2.522474e+00   3.467860e+02

After 50 iterations the fit converged.
final sum of squares of residuals : 0.00806237
rel. change during last iteration : -1.32151e-06

degrees of freedom    (FIT_NDF)                        : 6
rms of residuals      (FIT_STDFIT) = sqrt(WSSR/ndf)    : 0.0366569
variance of residuals (reduced chisquare) = WSSR/ndf   : 0.00134373

Final set of parameters            Asymptotic Standard Error
=======================            ==========================
af              = 1.16395          +/- 0.1587       (13.64%)
sigmaf          = 2.52247          +/- 0.4362       (17.29%)
muf             = 346.786          +/- 0.3793       (0.1094%)

correlation matrix of the fit parameters:
                af     sigmaf muf    
af              1.000 
sigmaf          0.700  1.000 
muf            -0.187 -0.275  1.000 


*******************************************************************************
Thu Jun 13 11:54:00 2019


FIT:    data read from 'WUpdf.txt'
        format = z
        x range restricted to [340.301 : 359.747]
        #datapoints = 9
        residuals are weighted equally (unit weight)

function used for fitting: gaussu(x)
	gaussu(x)=au/(sigmau*sqrt(2.*pi))*exp(-(x-muu)**2./(2.*sigmau**2))
fitted parameters initialized with current variable values

iter      chisq       delta/lim  lambda   au            sigmau        muu          
   0 1.1041896150e-01   0.00e+00  5.14e-02    1.000000e+00   2.430724e+01   3.403014e+02
 108 9.1037714831e-03   0.00e+00  5.14e+05    1.068955e+00   2.201725e+00   3.516277e+02

After 108 iterations the fit converged.
final sum of squares of residuals : 0.00910377
rel. change during last iteration : 0

degrees of freedom    (FIT_NDF)                        : 6
rms of residuals      (FIT_STDFIT) = sqrt(WSSR/ndf)    : 0.0389525
variance of residuals (reduced chisquare) = WSSR/ndf   : 0.0015173

Final set of parameters            Asymptotic Standard Error
=======================            ==========================
au              = 1.06896          +/- 0.1507       (14.09%)
sigmau          = 2.20173          +/- 0.3724       (16.91%)
muu             = 351.628          +/- 0.3527       (0.1003%)

correlation matrix of the fit parameters:
                au     sigmau muu    
au              1.000 
sigmau          0.624  1.000 
muu             0.070  0.018  1.000 


*******************************************************************************
Thu Jun 13 11:54:15 2019


FIT:    data read from 'WFpdf.txt'
        format = z
        x range restricted to [340.301 : 359.747]
        #datapoints = 9
        residuals are weighted equally (unit weight)

function used for fitting: gaussf(x)
	gaussf(x)=af/(sigmaf*sqrt(2.*pi))*exp(-(x-muf)**2./(2.*sigmaf**2))
fitted parameters initialized with current variable values

iter      chisq       delta/lim  lambda   af            sigmaf        muf          
   0 1.1937348789e-01   0.00e+00  4.17e-02    1.000000e+00   2.430724e+01   3.403014e+02
  50 8.0623710451e-03  -1.32e-01  4.17e-08    1.163948e+00   2.522474e+00   3.467860e+02

After 50 iterations the fit converged.
final sum of squares of residuals : 0.00806237
rel. change during last iteration : -1.32151e-06

degrees of freedom    (FIT_NDF)                        : 6
rms of residuals      (FIT_STDFIT) = sqrt(WSSR/ndf)    : 0.0366569
variance of residuals (reduced chisquare) = WSSR/ndf   : 0.00134373

Final set of parameters            Asymptotic Standard Error
=======================            ==========================
af              = 1.16395          +/- 0.1587       (13.64%)
sigmaf          = 2.52247          +/- 0.4362       (17.29%)
muf             = 346.786          +/- 0.3793       (0.1094%)

correlation matrix of the fit parameters:
                af     sigmaf muf    
af              1.000 
sigmaf          0.700  1.000 
muf            -0.187 -0.275  1.000 


*******************************************************************************
Thu Jun 13 11:54:15 2019


FIT:    data read from 'WUpdf.txt'
        format = z
        x range restricted to [340.301 : 359.747]
        #datapoints = 9
        residuals are weighted equally (unit weight)

function used for fitting: gaussu(x)
	gaussu(x)=au/(sigmau*sqrt(2.*pi))*exp(-(x-muu)**2./(2.*sigmau**2))
fitted parameters initialized with current variable values

iter      chisq       delta/lim  lambda   au            sigmau        muu          
   0 1.1041896150e-01   0.00e+00  5.14e-02    1.000000e+00   2.430724e+01   3.403014e+02
 108 9.1037714831e-03   0.00e+00  5.14e+05    1.068955e+00   2.201725e+00   3.516277e+02

After 108 iterations the fit converged.
final sum of squares of residuals : 0.00910377
rel. change during last iteration : 0

degrees of freedom    (FIT_NDF)                        : 6
rms of residuals      (FIT_STDFIT) = sqrt(WSSR/ndf)    : 0.0389525
variance of residuals (reduced chisquare) = WSSR/ndf   : 0.0015173

Final set of parameters            Asymptotic Standard Error
=======================            ==========================
au              = 1.06896          +/- 0.1507       (14.09%)
sigmau          = 2.20173          +/- 0.3724       (16.91%)
muu             = 351.628          +/- 0.3527       (0.1003%)

correlation matrix of the fit parameters:
                au     sigmau muu    
au              1.000 
sigmau          0.624  1.000 
muu             0.070  0.018  1.000 


*******************************************************************************
Thu Jun 13 11:54:23 2019


FIT:    data read from 'WFpdf.txt'
        format = z
        x range restricted to [340.301 : 359.747]
        #datapoints = 9
        residuals are weighted equally (unit weight)

function used for fitting: gaussf(x)
	gaussf(x)=af/(sigmaf*sqrt(2.*pi))*exp(-(x-muf)**2./(2.*sigmaf**2))
fitted parameters initialized with current variable values

iter      chisq       delta/lim  lambda   af            sigmaf        muf          
   0 1.1937348789e-01   0.00e+00  4.17e-02    1.000000e+00   2.430724e+01   3.403014e+02
  50 8.0623710451e-03  -1.32e-01  4.17e-08    1.163948e+00   2.522474e+00   3.467860e+02

After 50 iterations the fit converged.
final sum of squares of residuals : 0.00806237
rel. change during last iteration : -1.32151e-06

degrees of freedom    (FIT_NDF)                        : 6
rms of residuals      (FIT_STDFIT) = sqrt(WSSR/ndf)    : 0.0366569
variance of residuals (reduced chisquare) = WSSR/ndf   : 0.00134373

Final set of parameters            Asymptotic Standard Error
=======================            ==========================
af              = 1.16395          +/- 0.1587       (13.64%)
sigmaf          = 2.52247          +/- 0.4362       (17.29%)
muf             = 346.786          +/- 0.3793       (0.1094%)

correlation matrix of the fit parameters:
                af     sigmaf muf    
af              1.000 
sigmaf          0.700  1.000 
muf            -0.187 -0.275  1.000 


*******************************************************************************
Thu Jun 13 11:54:23 2019


FIT:    data read from 'WUpdf.txt'
        format = z
        x range restricted to [340.301 : 359.747]
        #datapoints = 9
        residuals are weighted equally (unit weight)

function used for fitting: gaussu(x)
	gaussu(x)=au/(sigmau*sqrt(2.*pi))*exp(-(x-muu)**2./(2.*sigmau**2))
fitted parameters initialized with current variable values

iter      chisq       delta/lim  lambda   au            sigmau        muu          
   0 1.1041896150e-01   0.00e+00  5.14e-02    1.000000e+00   2.430724e+01   3.403014e+02
 108 9.1037714831e-03   0.00e+00  5.14e+05    1.068955e+00   2.201725e+00   3.516277e+02

After 108 iterations the fit converged.
final sum of squares of residuals : 0.00910377
rel. change during last iteration : 0

degrees of freedom    (FIT_NDF)                        : 6
rms of residuals      (FIT_STDFIT) = sqrt(WSSR/ndf)    : 0.0389525
variance of residuals (reduced chisquare) = WSSR/ndf   : 0.0015173

Final set of parameters            Asymptotic Standard Error
=======================            ==========================
au              = 1.06896          +/- 0.1507       (14.09%)
sigmau          = 2.20173          +/- 0.3724       (16.91%)
muu             = 351.628          +/- 0.3527       (0.1003%)

correlation matrix of the fit parameters:
                au     sigmau muu    
au              1.000 
sigmau          0.624  1.000 
muu             0.070  0.018  1.000 


*******************************************************************************
Thu Jun 13 11:54:32 2019


FIT:    data read from 'WFpdf.txt'
        format = z
        x range restricted to [340.301 : 359.747]
        #datapoints = 9
        residuals are weighted equally (unit weight)

function used for fitting: gaussf(x)
	gaussf(x)=af/(sigmaf*sqrt(2.*pi))*exp(-(x-muf)**2./(2.*sigmaf**2))
fitted parameters initialized with current variable values

iter      chisq       delta/lim  lambda   af            sigmaf        muf          
   0 1.1937348789e-01   0.00e+00  4.17e-02    1.000000e+00   2.430724e+01   3.403014e+02
  50 8.0623710451e-03  -1.32e-01  4.17e-08    1.163948e+00   2.522474e+00   3.467860e+02

After 50 iterations the fit converged.
final sum of squares of residuals : 0.00806237
rel. change during last iteration : -1.32151e-06

degrees of freedom    (FIT_NDF)                        : 6
rms of residuals      (FIT_STDFIT) = sqrt(WSSR/ndf)    : 0.0366569
variance of residuals (reduced chisquare) = WSSR/ndf   : 0.00134373

Final set of parameters            Asymptotic Standard Error
=======================            ==========================
af              = 1.16395          +/- 0.1587       (13.64%)
sigmaf          = 2.52247          +/- 0.4362       (17.29%)
muf             = 346.786          +/- 0.3793       (0.1094%)

correlation matrix of the fit parameters:
                af     sigmaf muf    
af              1.000 
sigmaf          0.700  1.000 
muf            -0.187 -0.275  1.000 


*******************************************************************************
Thu Jun 13 11:54:32 2019


FIT:    data read from 'WUpdf.txt'
        format = z
        x range restricted to [340.301 : 359.747]
        #datapoints = 9
        residuals are weighted equally (unit weight)

function used for fitting: gaussu(x)
	gaussu(x)=au/(sigmau*sqrt(2.*pi))*exp(-(x-muu)**2./(2.*sigmau**2))
fitted parameters initialized with current variable values

iter      chisq       delta/lim  lambda   au            sigmau        muu          
   0 1.1041896150e-01   0.00e+00  5.14e-02    1.000000e+00   2.430724e+01   3.403014e+02
 108 9.1037714831e-03   0.00e+00  5.14e+05    1.068955e+00   2.201725e+00   3.516277e+02

After 108 iterations the fit converged.
final sum of squares of residuals : 0.00910377
rel. change during last iteration : 0

degrees of freedom    (FIT_NDF)                        : 6
rms of residuals      (FIT_STDFIT) = sqrt(WSSR/ndf)    : 0.0389525
variance of residuals (reduced chisquare) = WSSR/ndf   : 0.0015173

Final set of parameters            Asymptotic Standard Error
=======================            ==========================
au              = 1.06896          +/- 0.1507       (14.09%)
sigmau          = 2.20173          +/- 0.3724       (16.91%)
muu             = 351.628          +/- 0.3527       (0.1003%)

correlation matrix of the fit parameters:
                au     sigmau muu    
au              1.000 
sigmau          0.624  1.000 
muu             0.070  0.018  1.000 


*******************************************************************************
Thu Jun 13 11:54:42 2019


FIT:    data read from 'WFpdf.txt'
        format = z
        x range restricted to [340.301 : 359.747]
        #datapoints = 9
        residuals are weighted equally (unit weight)

function used for fitting: gaussf(x)
	gaussf(x)=af/(sigmaf*sqrt(2.*pi))*exp(-(x-muf)**2./(2.*sigmaf**2))
fitted parameters initialized with current variable values

iter      chisq       delta/lim  lambda   af            sigmaf        muf          
   0 1.1937348789e-01   0.00e+00  4.17e-02    1.000000e+00   2.430724e+01   3.403014e+02
  50 8.0623710451e-03  -1.32e-01  4.17e-08    1.163948e+00   2.522474e+00   3.467860e+02

After 50 iterations the fit converged.
final sum of squares of residuals : 0.00806237
rel. change during last iteration : -1.32151e-06

degrees of freedom    (FIT_NDF)                        : 6
rms of residuals      (FIT_STDFIT) = sqrt(WSSR/ndf)    : 0.0366569
variance of residuals (reduced chisquare) = WSSR/ndf   : 0.00134373

Final set of parameters            Asymptotic Standard Error
=======================            ==========================
af              = 1.16395          +/- 0.1587       (13.64%)
sigmaf          = 2.52247          +/- 0.4362       (17.29%)
muf             = 346.786          +/- 0.3793       (0.1094%)

correlation matrix of the fit parameters:
                af     sigmaf muf    
af              1.000 
sigmaf          0.700  1.000 
muf            -0.187 -0.275  1.000 


*******************************************************************************
Thu Jun 13 11:54:42 2019


FIT:    data read from 'WUpdf.txt'
        format = z
        x range restricted to [340.301 : 359.747]
        #datapoints = 9
        residuals are weighted equally (unit weight)

function used for fitting: gaussu(x)
	gaussu(x)=au/(sigmau*sqrt(2.*pi))*exp(-(x-muu)**2./(2.*sigmau**2))
fitted parameters initialized with current variable values

iter      chisq       delta/lim  lambda   au            sigmau        muu          
   0 1.1041896150e-01   0.00e+00  5.14e-02    1.000000e+00   2.430724e+01   3.403014e+02
 108 9.1037714831e-03   0.00e+00  5.14e+05    1.068955e+00   2.201725e+00   3.516277e+02

After 108 iterations the fit converged.
final sum of squares of residuals : 0.00910377
rel. change during last iteration : 0

degrees of freedom    (FIT_NDF)                        : 6
rms of residuals      (FIT_STDFIT) = sqrt(WSSR/ndf)    : 0.0389525
variance of residuals (reduced chisquare) = WSSR/ndf   : 0.0015173

Final set of parameters            Asymptotic Standard Error
=======================            ==========================
au              = 1.06896          +/- 0.1507       (14.09%)
sigmau          = 2.20173          +/- 0.3724       (16.91%)
muu             = 351.628          +/- 0.3527       (0.1003%)

correlation matrix of the fit parameters:
                au     sigmau muu    
au              1.000 
sigmau          0.624  1.000 
muu             0.070  0.018  1.000 


*******************************************************************************
Thu Jun 13 11:54:57 2019


FIT:    data read from 'WFpdf.txt'
        format = z
        x range restricted to [340.301 : 359.747]
        #datapoints = 9
        residuals are weighted equally (unit weight)

function used for fitting: gaussf(x)
	gaussf(x)=af/(sigmaf*sqrt(2.*pi))*exp(-(x-muf)**2./(2.*sigmaf**2))
fitted parameters initialized with current variable values

iter      chisq       delta/lim  lambda   af            sigmaf        muf          
   0 1.1937348789e-01   0.00e+00  4.17e-02    1.000000e+00   2.430724e+01   3.403014e+02
  50 8.0623710451e-03  -1.32e-01  4.17e-08    1.163948e+00   2.522474e+00   3.467860e+02

After 50 iterations the fit converged.
final sum of squares of residuals : 0.00806237
rel. change during last iteration : -1.32151e-06

degrees of freedom    (FIT_NDF)                        : 6
rms of residuals      (FIT_STDFIT) = sqrt(WSSR/ndf)    : 0.0366569
variance of residuals (reduced chisquare) = WSSR/ndf   : 0.00134373

Final set of parameters            Asymptotic Standard Error
=======================            ==========================
af              = 1.16395          +/- 0.1587       (13.64%)
sigmaf          = 2.52247          +/- 0.4362       (17.29%)
muf             = 346.786          +/- 0.3793       (0.1094%)

correlation matrix of the fit parameters:
                af     sigmaf muf    
af              1.000 
sigmaf          0.700  1.000 
muf            -0.187 -0.275  1.000 


*******************************************************************************
Thu Jun 13 11:54:57 2019


FIT:    data read from 'WUpdf.txt'
        format = z
        x range restricted to [340.301 : 359.747]
        #datapoints = 9
        residuals are weighted equally (unit weight)

function used for fitting: gaussu(x)
	gaussu(x)=au/(sigmau*sqrt(2.*pi))*exp(-(x-muu)**2./(2.*sigmau**2))
fitted parameters initialized with current variable values

iter      chisq       delta/lim  lambda   au            sigmau        muu          
   0 1.1041896150e-01   0.00e+00  5.14e-02    1.000000e+00   2.430724e+01   3.403014e+02
 108 9.1037714831e-03   0.00e+00  5.14e+05    1.068955e+00   2.201725e+00   3.516277e+02

After 108 iterations the fit converged.
final sum of squares of residuals : 0.00910377
rel. change during last iteration : 0

degrees of freedom    (FIT_NDF)                        : 6
rms of residuals      (FIT_STDFIT) = sqrt(WSSR/ndf)    : 0.0389525
variance of residuals (reduced chisquare) = WSSR/ndf   : 0.0015173

Final set of parameters            Asymptotic Standard Error
=======================            ==========================
au              = 1.06896          +/- 0.1507       (14.09%)
sigmau          = 2.20173          +/- 0.3724       (16.91%)
muu             = 351.628          +/- 0.3527       (0.1003%)

correlation matrix of the fit parameters:
                au     sigmau muu    
au              1.000 
sigmau          0.624  1.000 
muu             0.070  0.018  1.000 


*******************************************************************************
Thu Jun 13 11:55:12 2019


FIT:    data read from 'WFpdf.txt'
        format = z
        x range restricted to [340.301 : 359.747]
        #datapoints = 9
        residuals are weighted equally (unit weight)

function used for fitting: gaussf(x)
	gaussf(x)=af/(sigmaf*sqrt(2.*pi))*exp(-(x-muf)**2./(2.*sigmaf**2))
fitted parameters initialized with current variable values

iter      chisq       delta/lim  lambda   af            sigmaf        muf          
   0 1.1937348789e-01   0.00e+00  4.17e-02    1.000000e+00   2.430724e+01   3.403014e+02
  50 8.0623710451e-03  -1.32e-01  4.17e-08    1.163948e+00   2.522474e+00   3.467860e+02

After 50 iterations the fit converged.
final sum of squares of residuals : 0.00806237
rel. change during last iteration : -1.32151e-06

degrees of freedom    (FIT_NDF)                        : 6
rms of residuals      (FIT_STDFIT) = sqrt(WSSR/ndf)    : 0.0366569
variance of residuals (reduced chisquare) = WSSR/ndf   : 0.00134373

Final set of parameters            Asymptotic Standard Error
=======================            ==========================
af              = 1.16395          +/- 0.1587       (13.64%)
sigmaf          = 2.52247          +/- 0.4362       (17.29%)
muf             = 346.786          +/- 0.3793       (0.1094%)

correlation matrix of the fit parameters:
                af     sigmaf muf    
af              1.000 
sigmaf          0.700  1.000 
muf            -0.187 -0.275  1.000 


*******************************************************************************
Thu Jun 13 11:55:12 2019


FIT:    data read from 'WUpdf.txt'
        format = z
        x range restricted to [340.301 : 359.747]
        #datapoints = 9
        residuals are weighted equally (unit weight)

function used for fitting: gaussu(x)
	gaussu(x)=au/(sigmau*sqrt(2.*pi))*exp(-(x-muu)**2./(2.*sigmau**2))
fitted parameters initialized with current variable values

iter      chisq       delta/lim  lambda   au            sigmau        muu          
   0 1.1041896150e-01   0.00e+00  5.14e-02    1.000000e+00   2.430724e+01   3.403014e+02
 108 9.1037714831e-03   0.00e+00  5.14e+05    1.068955e+00   2.201725e+00   3.516277e+02

After 108 iterations the fit converged.
final sum of squares of residuals : 0.00910377
rel. change during last iteration : 0

degrees of freedom    (FIT_NDF)                        : 6
rms of residuals      (FIT_STDFIT) = sqrt(WSSR/ndf)    : 0.0389525
variance of residuals (reduced chisquare) = WSSR/ndf   : 0.0015173

Final set of parameters            Asymptotic Standard Error
=======================            ==========================
au              = 1.06896          +/- 0.1507       (14.09%)
sigmau          = 2.20173          +/- 0.3724       (16.91%)
muu             = 351.628          +/- 0.3527       (0.1003%)

correlation matrix of the fit parameters:
                au     sigmau muu    
au              1.000 
sigmau          0.624  1.000 
muu             0.070  0.018  1.000 


*******************************************************************************
Thu Jun 13 11:56:32 2019


FIT:    data read from 'WFpdf.txt'
        format = z
        x range restricted to [340.301 : 359.747]
        #datapoints = 9
        residuals are weighted equally (unit weight)

function used for fitting: gaussf(x)
	gaussf(x)=af/(sigmaf*sqrt(2.*pi))*exp(-(x-muf)**2./(2.*sigmaf**2))
fitted parameters initialized with current variable values

iter      chisq       delta/lim  lambda   af            sigmaf        muf          
   0 1.1937348789e-01   0.00e+00  4.17e-02    1.000000e+00   2.430724e+01   3.403014e+02
  50 8.0623710451e-03  -1.32e-01  4.17e-08    1.163948e+00   2.522474e+00   3.467860e+02

After 50 iterations the fit converged.
final sum of squares of residuals : 0.00806237
rel. change during last iteration : -1.32151e-06

degrees of freedom    (FIT_NDF)                        : 6
rms of residuals      (FIT_STDFIT) = sqrt(WSSR/ndf)    : 0.0366569
variance of residuals (reduced chisquare) = WSSR/ndf   : 0.00134373

Final set of parameters            Asymptotic Standard Error
=======================            ==========================
af              = 1.16395          +/- 0.1587       (13.64%)
sigmaf          = 2.52247          +/- 0.4362       (17.29%)
muf             = 346.786          +/- 0.3793       (0.1094%)

correlation matrix of the fit parameters:
                af     sigmaf muf    
af              1.000 
sigmaf          0.700  1.000 
muf            -0.187 -0.275  1.000 


*******************************************************************************
Thu Jun 13 11:56:32 2019


FIT:    data read from 'WUpdf.txt'
        format = z
        x range restricted to [340.301 : 359.747]
        #datapoints = 9
        residuals are weighted equally (unit weight)

function used for fitting: gaussu(x)
	gaussu(x)=au/(sigmau*sqrt(2.*pi))*exp(-(x-muu)**2./(2.*sigmau**2))
fitted parameters initialized with current variable values

iter      chisq       delta/lim  lambda   au            sigmau        muu          
   0 1.1041896150e-01   0.00e+00  5.14e-02    1.000000e+00   2.430724e+01   3.403014e+02
 108 9.1037714831e-03   0.00e+00  5.14e+05    1.068955e+00   2.201725e+00   3.516277e+02

After 108 iterations the fit converged.
final sum of squares of residuals : 0.00910377
rel. change during last iteration : 0

degrees of freedom    (FIT_NDF)                        : 6
rms of residuals      (FIT_STDFIT) = sqrt(WSSR/ndf)    : 0.0389525
variance of residuals (reduced chisquare) = WSSR/ndf   : 0.0015173

Final set of parameters            Asymptotic Standard Error
=======================            ==========================
au              = 1.06896          +/- 0.1507       (14.09%)
sigmau          = 2.20173          +/- 0.3724       (16.91%)
muu             = 351.628          +/- 0.3527       (0.1003%)

correlation matrix of the fit parameters:
                au     sigmau muu    
au              1.000 
sigmau          0.624  1.000 
muu             0.070  0.018  1.000 


*******************************************************************************
Thu Jun 13 13:12:11 2019


FIT:    data read from 'WFpdf.txt'
        format = z
        x range restricted to [340.301 : 359.747]
        #datapoints = 9
        residuals are weighted equally (unit weight)

function used for fitting: gaussf(x)
	gaussf(x)=af/(sigmaf*sqrt(2.*pi))*exp(-(x-muf)**2./(2.*sigmaf**2))
fitted parameters initialized with current variable values

iter      chisq       delta/lim  lambda   af            sigmaf        muf          
   0 1.1937348789e-01   0.00e+00  4.17e-02    1.000000e+00   2.430724e+01   3.403014e+02
  50 8.0623710451e-03  -1.32e-01  4.17e-08    1.163948e+00   2.522474e+00   3.467860e+02

After 50 iterations the fit converged.
final sum of squares of residuals : 0.00806237
rel. change during last iteration : -1.32151e-06

degrees of freedom    (FIT_NDF)                        : 6
rms of residuals      (FIT_STDFIT) = sqrt(WSSR/ndf)    : 0.0366569
variance of residuals (reduced chisquare) = WSSR/ndf   : 0.00134373

Final set of parameters            Asymptotic Standard Error
=======================            ==========================
af              = 1.16395          +/- 0.1587       (13.64%)
sigmaf          = 2.52247          +/- 0.4362       (17.29%)
muf             = 346.786          +/- 0.3793       (0.1094%)

correlation matrix of the fit parameters:
                af     sigmaf muf    
af              1.000 
sigmaf          0.700  1.000 
muf            -0.187 -0.275  1.000 


*******************************************************************************
Thu Jun 13 13:12:11 2019


FIT:    data read from 'WUpdf.txt'
        format = z
        x range restricted to [340.301 : 359.747]
        #datapoints = 9
        residuals are weighted equally (unit weight)

function used for fitting: gaussu(x)
	gaussu(x)=au/(sigmau*sqrt(2.*pi))*exp(-(x-muu)**2./(2.*sigmau**2))
fitted parameters initialized with current variable values

iter      chisq       delta/lim  lambda   au            sigmau        muu          
   0 1.1041896150e-01   0.00e+00  5.14e-02    1.000000e+00   2.430724e+01   3.403014e+02
 108 9.1037714831e-03   0.00e+00  5.14e+05    1.068955e+00   2.201725e+00   3.516277e+02

After 108 iterations the fit converged.
final sum of squares of residuals : 0.00910377
rel. change during last iteration : 0

degrees of freedom    (FIT_NDF)                        : 6
rms of residuals      (FIT_STDFIT) = sqrt(WSSR/ndf)    : 0.0389525
variance of residuals (reduced chisquare) = WSSR/ndf   : 0.0015173

Final set of parameters            Asymptotic Standard Error
=======================            ==========================
au              = 1.06896          +/- 0.1507       (14.09%)
sigmau          = 2.20173          +/- 0.3724       (16.91%)
muu             = 351.628          +/- 0.3527       (0.1003%)

correlation matrix of the fit parameters:
                au     sigmau muu    
au              1.000 
sigmau          0.624  1.000 
muu             0.070  0.018  1.000 


*******************************************************************************
Thu Jun 13 13:12:45 2019


FIT:    data read from 'WFpdf.txt'
        format = z
        x range restricted to [340.301 : 359.747]
        #datapoints = 9
        residuals are weighted equally (unit weight)

function used for fitting: gaussf(x)
	gaussf(x)=af/(sigmaf*sqrt(2.*pi))*exp(-(x-muf)**2./(2.*sigmaf**2))
fitted parameters initialized with current variable values

iter      chisq       delta/lim  lambda   af            sigmaf        muf          
   0 1.1937348789e-01   0.00e+00  4.17e-02    1.000000e+00   2.430724e+01   3.403014e+02
  50 8.0623710451e-03  -1.32e-01  4.17e-08    1.163948e+00   2.522474e+00   3.467860e+02

After 50 iterations the fit converged.
final sum of squares of residuals : 0.00806237
rel. change during last iteration : -1.32151e-06

degrees of freedom    (FIT_NDF)                        : 6
rms of residuals      (FIT_STDFIT) = sqrt(WSSR/ndf)    : 0.0366569
variance of residuals (reduced chisquare) = WSSR/ndf   : 0.00134373

Final set of parameters            Asymptotic Standard Error
=======================            ==========================
af              = 1.16395          +/- 0.1587       (13.64%)
sigmaf          = 2.52247          +/- 0.4362       (17.29%)
muf             = 346.786          +/- 0.3793       (0.1094%)

correlation matrix of the fit parameters:
                af     sigmaf muf    
af              1.000 
sigmaf          0.700  1.000 
muf            -0.187 -0.275  1.000 


*******************************************************************************
Thu Jun 13 13:12:45 2019


FIT:    data read from 'WUpdf.txt'
        format = z
        x range restricted to [340.301 : 359.747]
        #datapoints = 9
        residuals are weighted equally (unit weight)

function used for fitting: gaussu(x)
	gaussu(x)=au/(sigmau*sqrt(2.*pi))*exp(-(x-muu)**2./(2.*sigmau**2))
fitted parameters initialized with current variable values

iter      chisq       delta/lim  lambda   au            sigmau        muu          
   0 1.1041896150e-01   0.00e+00  5.14e-02    1.000000e+00   2.430724e+01   3.403014e+02
 108 9.1037714831e-03   0.00e+00  5.14e+05    1.068955e+00   2.201725e+00   3.516277e+02

After 108 iterations the fit converged.
final sum of squares of residuals : 0.00910377
rel. change during last iteration : 0

degrees of freedom    (FIT_NDF)                        : 6
rms of residuals      (FIT_STDFIT) = sqrt(WSSR/ndf)    : 0.0389525
variance of residuals (reduced chisquare) = WSSR/ndf   : 0.0015173

Final set of parameters            Asymptotic Standard Error
=======================            ==========================
au              = 1.06896          +/- 0.1507       (14.09%)
sigmau          = 2.20173          +/- 0.3724       (16.91%)
muu             = 351.628          +/- 0.3527       (0.1003%)

correlation matrix of the fit parameters:
                au     sigmau muu    
au              1.000 
sigmau          0.624  1.000 
muu             0.070  0.018  1.000 
